#
# There is insufficient memory for the Java Runtime Environment to continue.
# Native memory allocation (mmap) failed to map 803209216 bytes for Failed to commit area from 0x0000000502800000 to 0x0000000532600000 of length 803209216.
# Possible reasons:
#   The system is out of physical RAM or swap space
#   The process is running with CompressedOops enabled, and the Java Heap may be blocking the growth of the native heap
# Possible solutions:
#   Reduce memory load on the system
#   Increase physical memory or swap space
#   Check if swap backing store is full
#   Decrease Java heap size (-Xmx/-Xms)
#   Decrease number of Java threads
#   Decrease Java thread stack sizes (-Xss)
#   Set larger code cache with -XX:ReservedCodeCacheSize=
# This output file may be truncated or incomplete.
#
#  Out of Memory Error (./open/src/hotspot/os/windows/os_windows.cpp:3273), pid=43432, tid=4212
#
# JRE version:  (11.0.12+8) (build )
# Java VM: Java HotSpot(TM) 64-Bit Server VM (11.0.12+8-LTS-237, mixed mode, sharing, tiered, compressed oops, g1 gc, windows-amd64)
# No core dump will be written. Minidumps are not enabled by default on client versions of Windows
#

---------------  S U M M A R Y ------------

Command Line: -javaagent:D:\Program Files\JetBrains\IntelliJ IDEA 2023.2\lib\idea_rt.jar=57341:D:\Program Files\JetBrains\IntelliJ IDEA 2023.2\bin -Dfile.encoding=UTF-8 com.rsj.kafka.test.producer.KafkaProducerTest

Host: Intel(R) Core(TM) i5-10300H CPU @ 2.50GHz, 8 cores, 47G,  Windows 10 , 64 bit Build 19041 (10.0.19041.3636)
Time: Thu Jun 27 21:07:32 2024 中国标准时间 elapsed time: 0.014812 seconds (0d 0h 0m 0s)

---------------  T H R E A D  ---------------

Current thread (0x000001641ce4e800):  JavaThread "Unknown thread" [_thread_in_vm, id=4212, stack(0x00000046c1600000,0x00000046c1700000)]

Stack: [0x00000046c1600000,0x00000046c1700000]
Native frames: (J=compiled Java code, j=interpreted, Vv=VM code, C=native code)
V  [jvm.dll+0x617d9a]
V  [jvm.dll+0x74eeef]
V  [jvm.dll+0x750599]
V  [jvm.dll+0x750c23]
V  [jvm.dll+0x2438d8]
V  [jvm.dll+0x61518a]
V  [jvm.dll+0x609f45]
V  [jvm.dll+0x2f85cc]
V  [jvm.dll+0x2f8452]
V  [jvm.dll+0x2fd106]
V  [jvm.dll+0x33f6ef]
V  [jvm.dll+0x33f120]
V  [jvm.dll+0x2d5ca8]
V  [jvm.dll+0x2d6e06]
V  [jvm.dll+0x72a977]
V  [jvm.dll+0x72c21f]
V  [jvm.dll+0x34c469]
V  [jvm.dll+0x710400]
V  [jvm.dll+0x3b5baf]
V  [jvm.dll+0x3b7cb1]
C  [jli.dll+0x520b]
C  [ucrtbase.dll+0x21bb2]
C  [KERNEL32.DLL+0x17344]
C  [ntdll.dll+0x526b1]


---------------  P R O C E S S  ---------------

Threads class SMR info:
_java_thread_list=0x000001641cd4d5e0, length=0, elements={
}

Java Threads: ( => current thread )

Other Threads:
  0x000001641ce64000 GCTaskThread "GC Thread#0" [stack: 0x00000046c1700000,0x00000046c1800000] [id=34796]
  0x000001641cf21000 ConcurrentGCThread "G1 Main Marker" [stack: 0x00000046c1800000,0x00000046c1900000] [id=47372]
  0x000001641cf23000 ConcurrentGCThread "G1 Conc#0" [stack: 0x00000046c1900000,0x00000046c1a00000] [id=24888]

[error occurred during error reporting (printing all threads), id 0xc0000005, EXCEPTION_ACCESS_VIOLATION (0xc0000005) at pc=0x00007ff9bee34f37]

VM state:not at safepoint (not fully initialized)

VM Mutex/Monitor currently owned by a thread:  ([mutex/lock_event])
[0x000001641ce4a310] Heap_lock - owner thread: 0x000001641ce4e800

Heap address: 0x0000000502800000, size: 12248 MB, Compressed Oops mode: Non-zero based: 0x0000000502800000
Narrow klass base: 0x0000000000000000, Narrow klass shift: 0

GC Heap History (0 events):
No events

Deoptimization events (0 events):
No events

Classes redefined (0 events):
No events

Internal exceptions (0 events):
No events

Events (0 events):
No events


Dynamic libraries:
0x00007ff6a9430000 - 0x00007ff6a943f000 	C:\Program Files\Java\jdk-11.0.12\bin\java.exe
0x00007ffa56f30000 - 0x00007ffa57128000 	C:\WINDOWS\SYSTEM32\ntdll.dll
0x00007ffa54f80000 - 0x00007ffa5503d000 	C:\WINDOWS\System32\KERNEL32.DLL
0x00007ffa54700000 - 0x00007ffa549f6000 	C:\WINDOWS\System32\KERNELBASE.dll
0x00007ffa54600000 - 0x00007ffa54700000 	C:\WINDOWS\System32\ucrtbase.dll
0x00007ffa3b610000 - 0x00007ffa3b628000 	C:\Program Files\Java\jdk-11.0.12\bin\jli.dll
0x00007ffa3d5d0000 - 0x00007ffa3d5e5000 	C:\Program Files\Java\jdk-11.0.12\bin\VCRUNTIME140.dll
0x00007ffa55af0000 - 0x00007ffa55ba3000 	C:\WINDOWS\System32\ADVAPI32.dll
0x00007ffa56e50000 - 0x00007ffa56eee000 	C:\WINDOWS\System32\msvcrt.dll
0x00007ffa55f30000 - 0x00007ffa55fcf000 	C:\WINDOWS\System32\sechost.dll
0x00007ffa56030000 - 0x00007ffa56156000 	C:\WINDOWS\System32\RPCRT4.dll
0x00007ffa54cb0000 - 0x00007ffa54cd7000 	C:\WINDOWS\System32\bcrypt.dll
0x00007ffa55bb0000 - 0x00007ffa55d4e000 	C:\WINDOWS\System32\USER32.dll
0x00007ffa54ee0000 - 0x00007ffa54f02000 	C:\WINDOWS\System32\win32u.dll
0x00007ffa38ba0000 - 0x00007ffa38e3a000 	C:\WINDOWS\WinSxS\amd64_microsoft.windows.common-controls_6595b64144ccf1df_6.0.19041.3636_none_60b6a03d71f818d5\COMCTL32.dll
0x00007ffa55040000 - 0x00007ffa5506c000 	C:\WINDOWS\System32\GDI32.dll
0x00007ffa54ce0000 - 0x00007ffa54dfa000 	C:\WINDOWS\System32\gdi32full.dll
0x00007ffa54c10000 - 0x00007ffa54cad000 	C:\WINDOWS\System32\msvcp_win.dll
0x00007ffa4d4c0000 - 0x00007ffa4d4ca000 	C:\WINDOWS\SYSTEM32\VERSION.dll
0x00007ffa55f00000 - 0x00007ffa55f30000 	C:\WINDOWS\System32\IMM32.DLL
0x00007ffa1d2e0000 - 0x00007ffa1d37b000 	C:\Program Files\Java\jdk-11.0.12\bin\msvcp140.dll
0x00007ff9beb50000 - 0x00007ff9bf64f000 	C:\Program Files\Java\jdk-11.0.12\bin\server\jvm.dll
0x00007ffa56e40000 - 0x00007ffa56e48000 	C:\WINDOWS\System32\PSAPI.DLL
0x00007ffa51850000 - 0x00007ffa51859000 	C:\WINDOWS\SYSTEM32\WSOCK32.dll
0x00007ffa3e840000 - 0x00007ffa3e867000 	C:\WINDOWS\SYSTEM32\WINMM.dll
0x00007ffa55900000 - 0x00007ffa5596b000 	C:\WINDOWS\System32\WS2_32.dll
0x00007ffa52e40000 - 0x00007ffa52e52000 	C:\WINDOWS\SYSTEM32\kernel.appcore.dll
0x00007ffa4bd00000 - 0x00007ffa4bd10000 	C:\Program Files\Java\jdk-11.0.12\bin\verify.dll
0x00007ffa523b0000 - 0x00007ffa52594000 	C:\WINDOWS\SYSTEM32\DBGHELP.DLL
0x00007ffa2a360000 - 0x00007ffa2a394000 	C:\WINDOWS\SYSTEM32\dbgcore.DLL
0x00007ffa54e50000 - 0x00007ffa54ed2000 	C:\WINDOWS\System32\bcryptPrimitives.dll
0x00007ffa3acc0000 - 0x00007ffa3ace8000 	C:\Program Files\Java\jdk-11.0.12\bin\java.dll
0x00007ffa4ad80000 - 0x00007ffa4ad8a000 	C:\Program Files\Java\jdk-11.0.12\bin\jimage.dll
0x00007ffa38f80000 - 0x00007ffa38f8e000 	C:\Program Files\Java\jdk-11.0.12\bin\instrument.dll
0x00007ffa3a860000 - 0x00007ffa3a876000 	C:\Program Files\Java\jdk-11.0.12\bin\zip.dll

dbghelp: loaded successfully - version: 4.0.5 - missing functions: none
symbol engine: initialized successfully - sym options: 0x614 - pdb path: .;C:\Program Files\Java\jdk-11.0.12\bin;C:\WINDOWS\SYSTEM32;C:\WINDOWS\WinSxS\amd64_microsoft.windows.common-controls_6595b64144ccf1df_6.0.19041.3636_none_60b6a03d71f818d5;C:\Program Files\Java\jdk-11.0.12\bin\server

VM Arguments:
jvm_args: -javaagent:D:\Program Files\JetBrains\IntelliJ IDEA 2023.2\lib\idea_rt.jar=57341:D:\Program Files\JetBrains\IntelliJ IDEA 2023.2\bin -Dfile.encoding=UTF-8 
java_command: com.rsj.kafka.test.producer.KafkaProducerTest
java_class_path (initial): D:\Users\rsj-middleware\middleware\rsj-kafka\target\classes;D:\Users\Administrator\Downloads\apache-mavenRepository\org\apache\kafka\kafka-clients\3.5.2\kafka-clients-3.5.2.jar;D:\Users\Administrator\Downloads\apache-mavenRepository\com\github\luben\zstd-jni\1.5.5-1\zstd-jni-1.5.5-1.jar;D:\Users\Administrator\Downloads\apache-mavenRepository\org\lz4\lz4-java\1.8.0\lz4-java-1.8.0.jar;D:\Users\Administrator\Downloads\apache-mavenRepository\org\xerial\snappy\snappy-java\1.1.10.5\snappy-java-1.1.10.5.jar;D:\Users\Administrator\Downloads\apache-mavenRepository\org\slf4j\slf4j-api\1.7.36\slf4j-api-1.7.36.jar
Launcher Type: SUN_STANDARD

[Global flags]
     intx CICompilerCount                          = 4                                         {product} {ergonomic}
     uint ConcGCThreads                            = 2                                         {product} {ergonomic}
     uint G1ConcRefinementThreads                  = 8                                         {product} {ergonomic}
   size_t G1HeapRegionSize                         = 2097152                                   {product} {ergonomic}
    uintx GCDrainStackTargetSize                   = 64                                        {product} {ergonomic}
   size_t InitialHeapSize                          = 803209216                                 {product} {ergonomic}
   size_t MarkStackSize                            = 4194304                                   {product} {ergonomic}
   size_t MaxHeapSize                              = 12842958848                               {product} {ergonomic}
   size_t MinHeapDeltaBytes                        = 2097152                                   {product} {ergonomic}
    uintx NonNMethodCodeHeapSize                   = 5836300                                {pd product} {ergonomic}
    uintx NonProfiledCodeHeapSize                  = 122910970                              {pd product} {ergonomic}
    uintx ProfiledCodeHeapSize                     = 122910970                              {pd product} {ergonomic}
    uintx ReservedCodeCacheSize                    = 251658240                              {pd product} {ergonomic}
     bool SegmentedCodeCache                       = true                                      {product} {ergonomic}
     bool UseCompressedClassPointers               = true                                 {lp64_product} {ergonomic}
     bool UseCompressedOops                        = true                                 {lp64_product} {ergonomic}
     bool UseG1GC                                  = true                                      {product} {ergonomic}
     bool UseLargePagesIndividualAllocation        = false                                  {pd product} {ergonomic}

Logging:
Log output configuration:
 #0: stdout all=warning uptime,level,tags
 #1: stderr all=off uptime,level,tags

Environment Variables:
JAVA_HOME=C:\Program Files\Java\jdk-11.0.12
PATH=D:\Program Files (x86)\VMware\VMware Workstation\bin\;C:\WINDOWS\system32;C:\WINDOWS;C:\WINDOWS\System32\Wbem;C:\WINDOWS\System32\WindowsPowerShell\v1.0\;C:\WINDOWS\System32\OpenSSH\;C:\Program Files\Git\cmd;C:\Program Files\Go\bin;C:\Program Files\WireGuard\;C:\Program Files\dotnet\;D:\Users\Administrator\Downloads\apache-maven-3.9.8-bin\apache-maven-3.9.8\bin;C:\Program Files\Java\jdk-11.0.12\bin;C:\Program Files\Java\jdk-11.0.12\scripts;C:\Users\Administrator\AppData\Local\Programs\Python\Python310\Scripts\;C:\Users\Administrator\AppData\Local\Programs\Python\Python310\;C:\Users\Administrator\AppData\Local\Microsoft\WindowsApps;C:\Users\Administrator\AppData\Local\Programs\Microsoft VS Code\bin;C:\Users\Administrator\go\bin;C:\Users\Administrator\AppData\Local\GitHubDesktop\bin;D:\Program Files\JetBrains\PyCharm Community Edition 2022.3.2\bin;;D:\Program Files\JetBrains\GoLand 2022.3.3\bin;;
USERNAME=Administrator
OS=Windows_NT
PROCESSOR_IDENTIFIER=Intel64 Family 6 Model 165 Stepping 2, GenuineIntel



---------------  S Y S T E M  ---------------

OS: Windows 10 , 64 bit Build 19041 (10.0.19041.3636)

CPU:total 8 (initial active 8) (4 cores per cpu, 2 threads per core) family 6 model 165 stepping 2 microcode 0xc8, cmov, cx8, fxsr, mmx, sse, sse2, sse3, ssse3, sse4.1, sse4.2, popcnt, avx, avx2, aes, clmul, erms, 3dnowpref, lzcnt, ht, tsc, tscinvbit, bmi1, bmi2, adx, fma

Memory: 4k page, system-wide physical 48989M (1647M free)
TotalPageFile size 48989M (AvailPageFile size 539M)
current process WorkingSet (physical memory assigned to process): 10M, peak: 10M
current process commit charge ("private bytes"): 61M, peak: 827M

vm_info: Java HotSpot(TM) 64-Bit Server VM (11.0.12+8-LTS-237) for windows-amd64 JRE (11.0.12+8-LTS-237), built on Jun  8 2021 11:25:59 by "mach5one" with MS VC++ 15.9 (VS2017)

END.
