#
# There is insufficient memory for the Java Runtime Environment to continue.
# Native memory allocation (malloc) failed to allocate 50736 bytes for Chunk::new
# Possible reasons:
#   The system is out of physical RAM or swap space
#   The process is running with CompressedOops enabled, and the Java Heap may be blocking the growth of the native heap
# Possible solutions:
#   Reduce memory load on the system
#   Increase physical memory or swap space
#   Check if swap backing store is full
#   Decrease Java heap size (-Xmx/-Xms)
#   Decrease number of Java threads
#   Decrease Java thread stack sizes (-Xss)
#   Set larger code cache with -XX:ReservedCodeCacheSize=
#   JVM is running with Zero Based Compressed Oops mode in which the Java heap is
#     placed in the first 32GB address space. The Java Heap base address is the
#     maximum limit for the native heap growth. Please use -XX:HeapBaseMinAddress
#     to set the Java Heap base and to place the Java Heap above 32GB virtual address.
# This output file may be truncated or incomplete.
#
#  Out of Memory Error (./open/src/hotspot/share/memory/arena.cpp:197), pid=50672, tid=49688
#
# JRE version: Java(TM) SE Runtime Environment 18.9 (11.0.12+8) (build 11.0.12+8-LTS-237)
# Java VM: Java HotSpot(TM) 64-Bit Server VM 18.9 (11.0.12+8-LTS-237, mixed mode, tiered, compressed oops, g1 gc, windows-amd64)
# No core dump will be written. Minidumps are not enabled by default on client versions of Windows
#

---------------  S U M M A R Y ------------

Command Line: -javaagent:D:\Program Files\JetBrains\IntelliJ IDEA 2023.2\lib\idea_rt.jar=54673:D:\Program Files\JetBrains\IntelliJ IDEA 2023.2\bin -Dfile.encoding=UTF-8 test.producer.KafkaProducerTest

Host: Intel(R) Core(TM) i5-10300H CPU @ 2.50GHz, 8 cores, 47G,  Windows 10 , 64 bit Build 19041 (10.0.19041.3636)
Time: Thu Jun 27 18:22:30 2024 中国标准时间 elapsed time: 1.112276 seconds (0d 0h 0m 1s)

---------------  T H R E A D  ---------------

Current thread (0x000002941c009000):  JavaThread "C2 CompilerThread0" daemon [_thread_in_native, id=49688, stack(0x000000bb72300000,0x000000bb72400000)]


Current CompileTask:
C2:   1112 1289 %     4       java.io.WinNTFileSystem::normalize @ 22 (143 bytes)

Stack: [0x000000bb72300000,0x000000bb72400000]
Native frames: (J=compiled Java code, j=interpreted, Vv=VM code, C=native code)
V  [jvm.dll+0x617d9a]
V  [jvm.dll+0x74eeef]
V  [jvm.dll+0x750599]
V  [jvm.dll+0x750c23]
V  [jvm.dll+0x2438d8]
V  [jvm.dll+0xba6dc]
V  [jvm.dll+0xbac9c]
V  [jvm.dll+0x3469b7]
V  [jvm.dll+0x3147a3]
V  [jvm.dll+0x313aea]
V  [jvm.dll+0x1fd105]
V  [jvm.dll+0x1fc2ed]
V  [jvm.dll+0x17f18c]
V  [jvm.dll+0x20b87c]
V  [jvm.dll+0x20997b]
V  [jvm.dll+0x716359]
V  [jvm.dll+0x70f064]
V  [jvm.dll+0x616f66]
C  [ucrtbase.dll+0x21bb2]
C  [KERNEL32.DLL+0x17344]
C  [ntdll.dll+0x526b1]


---------------  P R O C E S S  ---------------

Threads class SMR info:
_java_thread_list=0x000002941cee6340, length=12, elements={
0x0000029465254000, 0x000002941bf60000, 0x000002941bf61800, 0x000002941bfff000,
0x000002941c000800, 0x000002941c002000, 0x000002941c009000, 0x000002941c013000,
0x000002941c018000, 0x000002941bf1e800, 0x000002941cb29800, 0x000002941c9b3000
}

Java Threads: ( => current thread )
  0x0000029465254000 JavaThread "main" [_thread_blocked, id=6792, stack(0x000000bb71700000,0x000000bb71800000)]
  0x000002941bf60000 JavaThread "Reference Handler" daemon [_thread_blocked, id=34420, stack(0x000000bb71e00000,0x000000bb71f00000)]
  0x000002941bf61800 JavaThread "Finalizer" daemon [_thread_blocked, id=37528, stack(0x000000bb71f00000,0x000000bb72000000)]
  0x000002941bfff000 JavaThread "Signal Dispatcher" daemon [_thread_blocked, id=25640, stack(0x000000bb72000000,0x000000bb72100000)]
  0x000002941c000800 JavaThread "Attach Listener" daemon [_thread_blocked, id=35900, stack(0x000000bb72100000,0x000000bb72200000)]
  0x000002941c002000 JavaThread "Service Thread" daemon [_thread_blocked, id=47644, stack(0x000000bb72200000,0x000000bb72300000)]
=>0x000002941c009000 JavaThread "C2 CompilerThread0" daemon [_thread_in_native, id=49688, stack(0x000000bb72300000,0x000000bb72400000)]
  0x000002941c013000 JavaThread "C1 CompilerThread0" daemon [_thread_blocked, id=21100, stack(0x000000bb72400000,0x000000bb72500000)]
  0x000002941c018000 JavaThread "Sweeper thread" daemon [_thread_blocked, id=27760, stack(0x000000bb72500000,0x000000bb72600000)]
  0x000002941bf1e800 JavaThread "Common-Cleaner" daemon [_thread_blocked, id=21748, stack(0x000000bb72600000,0x000000bb72700000)]
  0x000002941cb29800 JavaThread "Monitor Ctrl-Break" daemon [_thread_in_native, id=43296, stack(0x000000bb72800000,0x000000bb72900000)]
  0x000002941c9b3000 JavaThread "kafka-producer-network-thread | producer-1" daemon [_thread_blocked, id=12896, stack(0x000000bb72700000,0x000000bb72800000)]

Other Threads:
  0x000002941bf95800 VMThread "VM Thread" [stack: 0x000000bb71d00000,0x000000bb71e00000] [id=47252]
  0x000002941cb2a800 WatcherThread [stack: 0x000000bb72900000,0x000000bb72a00000] [id=43440]
  0x0000029465269800 GCTaskThread "GC Thread#0" [stack: 0x000000bb71800000,0x000000bb71900000] [id=35800]
  0x0000029465321000 ConcurrentGCThread "G1 Main Marker" [stack: 0x000000bb71900000,0x000000bb71a00000] [id=46020]
  0x0000029465322800 ConcurrentGCThread "G1 Conc#0" [stack: 0x000000bb71a00000,0x000000bb71b00000] [id=34296]
  0x000002941d662800 ConcurrentGCThread "G1 Conc#1" [stack: 0x000000bb72a00000,0x000000bb72b00000] [id=48264]
  0x000002947ffec800 ConcurrentGCThread "G1 Refine#0" [stack: 0x000000bb71b00000,0x000000bb71c00000] [id=37504]
  0x000002941bdc6800 ConcurrentGCThread "G1 Young RemSet Sampling" [stack: 0x000000bb71c00000,0x000000bb71d00000] [id=36752]

Threads with active compile tasks:
C2 CompilerThread0   1123 1289 %     4       java.io.WinNTFileSystem::normalize @ 22 (143 bytes)
C1 CompilerThread0   1123 1294       3       java.util.regex.Pattern$$Lambda$18/0x00000008000b8840::is (9 bytes)

VM state:at safepoint (normal execution)

VM Mutex/Monitor currently owned by a thread:  ([mutex/lock_event])
[0x0000029465250860] Threads_lock - owner thread: 0x000002941bf95800
[0x0000029465251160] Heap_lock - owner thread: 0x000002941c013000
[0x00000294652534d0] MethodData_lock - owner thread: 0x000002941c013000

Heap address: 0x0000000502800000, size: 12248 MB, Compressed Oops mode: Zero based, Oop shift amount: 3
Narrow klass base: 0x0000000800000000, Narrow klass shift: 0
Compressed class space size: 1073741824 Address: 0x0000000800000000

Heap:
 garbage-first heap   total 784384K, used 9130K [0x0000000502800000, 0x0000000800000000)
  region size 2048K, 4 young (8192K), 1 survivors (2048K)
 Metaspace       used 19498K, capacity 19855K, committed 19968K, reserved 1081344K
  class space    used 1815K, capacity 1961K, committed 2048K, reserved 1048576K
Heap Regions: E=young(eden), S=young(survivor), O=old, HS=humongous(starts), HC=humongous(continues), CS=collection set, F=free, A=archive, TAMS=top-at-mark-start (previous, next)
|   0|0x0000000502800000, 0x0000000502800000, 0x0000000502a00000|  0%| F|  |TAMS 0x0000000502800000, 0x0000000502800000| Untracked 
|   1|0x0000000502a00000, 0x0000000502a00000, 0x0000000502c00000|  0%| F|  |TAMS 0x0000000502a00000, 0x0000000502a00000| Untracked 
|   2|0x0000000502c00000, 0x0000000502c00000, 0x0000000502e00000|  0%| F|  |TAMS 0x0000000502c00000, 0x0000000502c00000| Untracked 
|   3|0x0000000502e00000, 0x0000000502e00000, 0x0000000503000000|  0%| F|  |TAMS 0x0000000502e00000, 0x0000000502e00000| Untracked 
|   4|0x0000000503000000, 0x0000000503000000, 0x0000000503200000|  0%| F|  |TAMS 0x0000000503000000, 0x0000000503000000| Untracked 
|   5|0x0000000503200000, 0x0000000503200000, 0x0000000503400000|  0%| F|  |TAMS 0x0000000503200000, 0x0000000503200000| Untracked 
|   6|0x0000000503400000, 0x0000000503400000, 0x0000000503600000|  0%| F|  |TAMS 0x0000000503400000, 0x0000000503400000| Untracked 
|   7|0x0000000503600000, 0x0000000503600000, 0x0000000503800000|  0%| F|  |TAMS 0x0000000503600000, 0x0000000503600000| Untracked 
|   8|0x0000000503800000, 0x0000000503800000, 0x0000000503a00000|  0%| F|  |TAMS 0x0000000503800000, 0x0000000503800000| Untracked 
|   9|0x0000000503a00000, 0x0000000503a00000, 0x0000000503c00000|  0%| F|  |TAMS 0x0000000503a00000, 0x0000000503a00000| Untracked 
|  10|0x0000000503c00000, 0x0000000503c00000, 0x0000000503e00000|  0%| F|  |TAMS 0x0000000503c00000, 0x0000000503c00000| Untracked 
|  11|0x0000000503e00000, 0x0000000503e00000, 0x0000000504000000|  0%| F|  |TAMS 0x0000000503e00000, 0x0000000503e00000| Untracked 
|  12|0x0000000504000000, 0x0000000504000000, 0x0000000504200000|  0%| F|  |TAMS 0x0000000504000000, 0x0000000504000000| Untracked 
|  13|0x0000000504200000, 0x0000000504200000, 0x0000000504400000|  0%| F|  |TAMS 0x0000000504200000, 0x0000000504200000| Untracked 
|  14|0x0000000504400000, 0x0000000504400000, 0x0000000504600000|  0%| F|  |TAMS 0x0000000504400000, 0x0000000504400000| Untracked 
|  15|0x0000000504600000, 0x0000000504600000, 0x0000000504800000|  0%| F|  |TAMS 0x0000000504600000, 0x0000000504600000| Untracked 
|  16|0x0000000504800000, 0x0000000504800000, 0x0000000504a00000|  0%| F|  |TAMS 0x0000000504800000, 0x0000000504800000| Untracked 
|  17|0x0000000504a00000, 0x0000000504a00000, 0x0000000504c00000|  0%| F|  |TAMS 0x0000000504a00000, 0x0000000504a00000| Untracked 
|  18|0x0000000504c00000, 0x0000000504c00000, 0x0000000504e00000|  0%| F|  |TAMS 0x0000000504c00000, 0x0000000504c00000| Untracked 
|  19|0x0000000504e00000, 0x0000000504e00000, 0x0000000505000000|  0%| F|  |TAMS 0x0000000504e00000, 0x0000000504e00000| Untracked 
|  20|0x0000000505000000, 0x0000000505000000, 0x0000000505200000|  0%| F|  |TAMS 0x0000000505000000, 0x0000000505000000| Untracked 
|  21|0x0000000505200000, 0x0000000505200000, 0x0000000505400000|  0%| F|  |TAMS 0x0000000505200000, 0x0000000505200000| Untracked 
|  22|0x0000000505400000, 0x0000000505400000, 0x0000000505600000|  0%| F|  |TAMS 0x0000000505400000, 0x0000000505400000| Untracked 
|  23|0x0000000505600000, 0x0000000505600000, 0x0000000505800000|  0%| F|  |TAMS 0x0000000505600000, 0x0000000505600000| Untracked 
|  24|0x0000000505800000, 0x0000000505800000, 0x0000000505a00000|  0%| F|  |TAMS 0x0000000505800000, 0x0000000505800000| Untracked 
|  25|0x0000000505a00000, 0x0000000505a00000, 0x0000000505c00000|  0%| F|  |TAMS 0x0000000505a00000, 0x0000000505a00000| Untracked 
|  26|0x0000000505c00000, 0x0000000505c00000, 0x0000000505e00000|  0%| F|  |TAMS 0x0000000505c00000, 0x0000000505c00000| Untracked 
|  27|0x0000000505e00000, 0x0000000505e00000, 0x0000000506000000|  0%| F|  |TAMS 0x0000000505e00000, 0x0000000505e00000| Untracked 
|  28|0x0000000506000000, 0x0000000506000000, 0x0000000506200000|  0%| F|  |TAMS 0x0000000506000000, 0x0000000506000000| Untracked 
|  29|0x0000000506200000, 0x0000000506200000, 0x0000000506400000|  0%| F|  |TAMS 0x0000000506200000, 0x0000000506200000| Untracked 
|  30|0x0000000506400000, 0x0000000506400000, 0x0000000506600000|  0%| F|  |TAMS 0x0000000506400000, 0x0000000506400000| Untracked 
|  31|0x0000000506600000, 0x0000000506600000, 0x0000000506800000|  0%| F|  |TAMS 0x0000000506600000, 0x0000000506600000| Untracked 
|  32|0x0000000506800000, 0x0000000506800000, 0x0000000506a00000|  0%| F|  |TAMS 0x0000000506800000, 0x0000000506800000| Untracked 
|  33|0x0000000506a00000, 0x0000000506a00000, 0x0000000506c00000|  0%| F|  |TAMS 0x0000000506a00000, 0x0000000506a00000| Untracked 
|  34|0x0000000506c00000, 0x0000000506c00000, 0x0000000506e00000|  0%| F|  |TAMS 0x0000000506c00000, 0x0000000506c00000| Untracked 
|  35|0x0000000506e00000, 0x0000000506e00000, 0x0000000507000000|  0%| F|  |TAMS 0x0000000506e00000, 0x0000000506e00000| Untracked 
|  36|0x0000000507000000, 0x0000000507000000, 0x0000000507200000|  0%| F|  |TAMS 0x0000000507000000, 0x0000000507000000| Untracked 
|  37|0x0000000507200000, 0x0000000507200000, 0x0000000507400000|  0%| F|  |TAMS 0x0000000507200000, 0x0000000507200000| Untracked 
|  38|0x0000000507400000, 0x0000000507400000, 0x0000000507600000|  0%| F|  |TAMS 0x0000000507400000, 0x0000000507400000| Untracked 
|  39|0x0000000507600000, 0x0000000507600000, 0x0000000507800000|  0%| F|  |TAMS 0x0000000507600000, 0x0000000507600000| Untracked 
|  40|0x0000000507800000, 0x0000000507800000, 0x0000000507a00000|  0%| F|  |TAMS 0x0000000507800000, 0x0000000507800000| Untracked 
|  41|0x0000000507a00000, 0x0000000507a00000, 0x0000000507c00000|  0%| F|  |TAMS 0x0000000507a00000, 0x0000000507a00000| Untracked 
|  42|0x0000000507c00000, 0x0000000507c00000, 0x0000000507e00000|  0%| F|  |TAMS 0x0000000507c00000, 0x0000000507c00000| Untracked 
|  43|0x0000000507e00000, 0x0000000507e00000, 0x0000000508000000|  0%| F|  |TAMS 0x0000000507e00000, 0x0000000507e00000| Untracked 
|  44|0x0000000508000000, 0x0000000508000000, 0x0000000508200000|  0%| F|  |TAMS 0x0000000508000000, 0x0000000508000000| Untracked 
|  45|0x0000000508200000, 0x0000000508200000, 0x0000000508400000|  0%| F|  |TAMS 0x0000000508200000, 0x0000000508200000| Untracked 
|  46|0x0000000508400000, 0x0000000508400000, 0x0000000508600000|  0%| F|  |TAMS 0x0000000508400000, 0x0000000508400000| Untracked 
|  47|0x0000000508600000, 0x0000000508600000, 0x0000000508800000|  0%| F|  |TAMS 0x0000000508600000, 0x0000000508600000| Untracked 
|  48|0x0000000508800000, 0x0000000508800000, 0x0000000508a00000|  0%| F|  |TAMS 0x0000000508800000, 0x0000000508800000| Untracked 
|  49|0x0000000508a00000, 0x0000000508a00000, 0x0000000508c00000|  0%| F|  |TAMS 0x0000000508a00000, 0x0000000508a00000| Untracked 
|  50|0x0000000508c00000, 0x0000000508c00000, 0x0000000508e00000|  0%| F|  |TAMS 0x0000000508c00000, 0x0000000508c00000| Untracked 
|  51|0x0000000508e00000, 0x0000000508e00000, 0x0000000509000000|  0%| F|  |TAMS 0x0000000508e00000, 0x0000000508e00000| Untracked 
|  52|0x0000000509000000, 0x0000000509000000, 0x0000000509200000|  0%| F|  |TAMS 0x0000000509000000, 0x0000000509000000| Untracked 
|  53|0x0000000509200000, 0x0000000509200000, 0x0000000509400000|  0%| F|  |TAMS 0x0000000509200000, 0x0000000509200000| Untracked 
|  54|0x0000000509400000, 0x0000000509400000, 0x0000000509600000|  0%| F|  |TAMS 0x0000000509400000, 0x0000000509400000| Untracked 
|  55|0x0000000509600000, 0x0000000509600000, 0x0000000509800000|  0%| F|  |TAMS 0x0000000509600000, 0x0000000509600000| Untracked 
|  56|0x0000000509800000, 0x0000000509800000, 0x0000000509a00000|  0%| F|  |TAMS 0x0000000509800000, 0x0000000509800000| Untracked 
|  57|0x0000000509a00000, 0x0000000509a00000, 0x0000000509c00000|  0%| F|  |TAMS 0x0000000509a00000, 0x0000000509a00000| Untracked 
|  58|0x0000000509c00000, 0x0000000509c00000, 0x0000000509e00000|  0%| F|  |TAMS 0x0000000509c00000, 0x0000000509c00000| Untracked 
|  59|0x0000000509e00000, 0x0000000509e00000, 0x000000050a000000|  0%| F|  |TAMS 0x0000000509e00000, 0x0000000509e00000| Untracked 
|  60|0x000000050a000000, 0x000000050a000000, 0x000000050a200000|  0%| F|  |TAMS 0x000000050a000000, 0x000000050a000000| Untracked 
|  61|0x000000050a200000, 0x000000050a200000, 0x000000050a400000|  0%| F|  |TAMS 0x000000050a200000, 0x000000050a200000| Untracked 
|  62|0x000000050a400000, 0x000000050a400000, 0x000000050a600000|  0%| F|  |TAMS 0x000000050a400000, 0x000000050a400000| Untracked 
|  63|0x000000050a600000, 0x000000050a600000, 0x000000050a800000|  0%| F|  |TAMS 0x000000050a600000, 0x000000050a600000| Untracked 
|  64|0x000000050a800000, 0x000000050a800000, 0x000000050aa00000|  0%| F|  |TAMS 0x000000050a800000, 0x000000050a800000| Untracked 
|  65|0x000000050aa00000, 0x000000050aa00000, 0x000000050ac00000|  0%| F|  |TAMS 0x000000050aa00000, 0x000000050aa00000| Untracked 
|  66|0x000000050ac00000, 0x000000050ac00000, 0x000000050ae00000|  0%| F|  |TAMS 0x000000050ac00000, 0x000000050ac00000| Untracked 
|  67|0x000000050ae00000, 0x000000050ae00000, 0x000000050b000000|  0%| F|  |TAMS 0x000000050ae00000, 0x000000050ae00000| Untracked 
|  68|0x000000050b000000, 0x000000050b000000, 0x000000050b200000|  0%| F|  |TAMS 0x000000050b000000, 0x000000050b000000| Untracked 
|  69|0x000000050b200000, 0x000000050b200000, 0x000000050b400000|  0%| F|  |TAMS 0x000000050b200000, 0x000000050b200000| Untracked 
|  70|0x000000050b400000, 0x000000050b400000, 0x000000050b600000|  0%| F|  |TAMS 0x000000050b400000, 0x000000050b400000| Untracked 
|  71|0x000000050b600000, 0x000000050b600000, 0x000000050b800000|  0%| F|  |TAMS 0x000000050b600000, 0x000000050b600000| Untracked 
|  72|0x000000050b800000, 0x000000050b800000, 0x000000050ba00000|  0%| F|  |TAMS 0x000000050b800000, 0x000000050b800000| Untracked 
|  73|0x000000050ba00000, 0x000000050ba00000, 0x000000050bc00000|  0%| F|  |TAMS 0x000000050ba00000, 0x000000050ba00000| Untracked 
|  74|0x000000050bc00000, 0x000000050bc00000, 0x000000050be00000|  0%| F|  |TAMS 0x000000050bc00000, 0x000000050bc00000| Untracked 
|  75|0x000000050be00000, 0x000000050be00000, 0x000000050c000000|  0%| F|  |TAMS 0x000000050be00000, 0x000000050be00000| Untracked 
|  76|0x000000050c000000, 0x000000050c000000, 0x000000050c200000|  0%| F|  |TAMS 0x000000050c000000, 0x000000050c000000| Untracked 
|  77|0x000000050c200000, 0x000000050c200000, 0x000000050c400000|  0%| F|  |TAMS 0x000000050c200000, 0x000000050c200000| Untracked 
|  78|0x000000050c400000, 0x000000050c400000, 0x000000050c600000|  0%| F|  |TAMS 0x000000050c400000, 0x000000050c400000| Untracked 
|  79|0x000000050c600000, 0x000000050c600000, 0x000000050c800000|  0%| F|  |TAMS 0x000000050c600000, 0x000000050c600000| Untracked 
|  80|0x000000050c800000, 0x000000050c800000, 0x000000050ca00000|  0%| F|  |TAMS 0x000000050c800000, 0x000000050c800000| Untracked 
|  81|0x000000050ca00000, 0x000000050ca00000, 0x000000050cc00000|  0%| F|  |TAMS 0x000000050ca00000, 0x000000050ca00000| Untracked 
|  82|0x000000050cc00000, 0x000000050cc00000, 0x000000050ce00000|  0%| F|  |TAMS 0x000000050cc00000, 0x000000050cc00000| Untracked 
|  83|0x000000050ce00000, 0x000000050ce00000, 0x000000050d000000|  0%| F|  |TAMS 0x000000050ce00000, 0x000000050ce00000| Untracked 
|  84|0x000000050d000000, 0x000000050d000000, 0x000000050d200000|  0%| F|  |TAMS 0x000000050d000000, 0x000000050d000000| Untracked 
|  85|0x000000050d200000, 0x000000050d200000, 0x000000050d400000|  0%| F|  |TAMS 0x000000050d200000, 0x000000050d200000| Untracked 
|  86|0x000000050d400000, 0x000000050d400000, 0x000000050d600000|  0%| F|  |TAMS 0x000000050d400000, 0x000000050d400000| Untracked 
|  87|0x000000050d600000, 0x000000050d600000, 0x000000050d800000|  0%| F|  |TAMS 0x000000050d600000, 0x000000050d600000| Untracked 
|  88|0x000000050d800000, 0x000000050d800000, 0x000000050da00000|  0%| F|  |TAMS 0x000000050d800000, 0x000000050d800000| Untracked 
|  89|0x000000050da00000, 0x000000050da00000, 0x000000050dc00000|  0%| F|  |TAMS 0x000000050da00000, 0x000000050da00000| Untracked 
|  90|0x000000050dc00000, 0x000000050dc00000, 0x000000050de00000|  0%| F|  |TAMS 0x000000050dc00000, 0x000000050dc00000| Untracked 
|  91|0x000000050de00000, 0x000000050de00000, 0x000000050e000000|  0%| F|  |TAMS 0x000000050de00000, 0x000000050de00000| Untracked 
|  92|0x000000050e000000, 0x000000050e000000, 0x000000050e200000|  0%| F|  |TAMS 0x000000050e000000, 0x000000050e000000| Untracked 
|  93|0x000000050e200000, 0x000000050e200000, 0x000000050e400000|  0%| F|  |TAMS 0x000000050e200000, 0x000000050e200000| Untracked 
|  94|0x000000050e400000, 0x000000050e400000, 0x000000050e600000|  0%| F|  |TAMS 0x000000050e400000, 0x000000050e400000| Untracked 
|  95|0x000000050e600000, 0x000000050e600000, 0x000000050e800000|  0%| F|  |TAMS 0x000000050e600000, 0x000000050e600000| Untracked 
|  96|0x000000050e800000, 0x000000050e800000, 0x000000050ea00000|  0%| F|  |TAMS 0x000000050e800000, 0x000000050e800000| Untracked 
|  97|0x000000050ea00000, 0x000000050ea00000, 0x000000050ec00000|  0%| F|  |TAMS 0x000000050ea00000, 0x000000050ea00000| Untracked 
|  98|0x000000050ec00000, 0x000000050ec00000, 0x000000050ee00000|  0%| F|  |TAMS 0x000000050ec00000, 0x000000050ec00000| Untracked 
|  99|0x000000050ee00000, 0x000000050ee00000, 0x000000050f000000|  0%| F|  |TAMS 0x000000050ee00000, 0x000000050ee00000| Untracked 
| 100|0x000000050f000000, 0x000000050f000000, 0x000000050f200000|  0%| F|  |TAMS 0x000000050f000000, 0x000000050f000000| Untracked 
| 101|0x000000050f200000, 0x000000050f200000, 0x000000050f400000|  0%| F|  |TAMS 0x000000050f200000, 0x000000050f200000| Untracked 
| 102|0x000000050f400000, 0x000000050f400000, 0x000000050f600000|  0%| F|  |TAMS 0x000000050f400000, 0x000000050f400000| Untracked 
| 103|0x000000050f600000, 0x000000050f600000, 0x000000050f800000|  0%| F|  |TAMS 0x000000050f600000, 0x000000050f600000| Untracked 
| 104|0x000000050f800000, 0x000000050f800000, 0x000000050fa00000|  0%| F|  |TAMS 0x000000050f800000, 0x000000050f800000| Untracked 
| 105|0x000000050fa00000, 0x000000050fa00000, 0x000000050fc00000|  0%| F|  |TAMS 0x000000050fa00000, 0x000000050fa00000| Untracked 
| 106|0x000000050fc00000, 0x000000050fc00000, 0x000000050fe00000|  0%| F|  |TAMS 0x000000050fc00000, 0x000000050fc00000| Untracked 
| 107|0x000000050fe00000, 0x000000050fe00000, 0x0000000510000000|  0%| F|  |TAMS 0x000000050fe00000, 0x000000050fe00000| Untracked 
| 108|0x0000000510000000, 0x0000000510000000, 0x0000000510200000|  0%| F|  |TAMS 0x0000000510000000, 0x0000000510000000| Untracked 
| 109|0x0000000510200000, 0x0000000510200000, 0x0000000510400000|  0%| F|  |TAMS 0x0000000510200000, 0x0000000510200000| Untracked 
| 110|0x0000000510400000, 0x0000000510400000, 0x0000000510600000|  0%| F|  |TAMS 0x0000000510400000, 0x0000000510400000| Untracked 
| 111|0x0000000510600000, 0x0000000510600000, 0x0000000510800000|  0%| F|  |TAMS 0x0000000510600000, 0x0000000510600000| Untracked 
| 112|0x0000000510800000, 0x0000000510800000, 0x0000000510a00000|  0%| F|  |TAMS 0x0000000510800000, 0x0000000510800000| Untracked 
| 113|0x0000000510a00000, 0x0000000510a00000, 0x0000000510c00000|  0%| F|  |TAMS 0x0000000510a00000, 0x0000000510a00000| Untracked 
| 114|0x0000000510c00000, 0x0000000510c00000, 0x0000000510e00000|  0%| F|  |TAMS 0x0000000510c00000, 0x0000000510c00000| Untracked 
| 115|0x0000000510e00000, 0x0000000510e00000, 0x0000000511000000|  0%| F|  |TAMS 0x0000000510e00000, 0x0000000510e00000| Untracked 
| 116|0x0000000511000000, 0x0000000511000000, 0x0000000511200000|  0%| F|  |TAMS 0x0000000511000000, 0x0000000511000000| Untracked 
| 117|0x0000000511200000, 0x0000000511200000, 0x0000000511400000|  0%| F|  |TAMS 0x0000000511200000, 0x0000000511200000| Untracked 
| 118|0x0000000511400000, 0x0000000511400000, 0x0000000511600000|  0%| F|  |TAMS 0x0000000511400000, 0x0000000511400000| Untracked 
| 119|0x0000000511600000, 0x0000000511600000, 0x0000000511800000|  0%| F|  |TAMS 0x0000000511600000, 0x0000000511600000| Untracked 
| 120|0x0000000511800000, 0x0000000511800000, 0x0000000511a00000|  0%| F|  |TAMS 0x0000000511800000, 0x0000000511800000| Untracked 
| 121|0x0000000511a00000, 0x0000000511a00000, 0x0000000511c00000|  0%| F|  |TAMS 0x0000000511a00000, 0x0000000511a00000| Untracked 
| 122|0x0000000511c00000, 0x0000000511c00000, 0x0000000511e00000|  0%| F|  |TAMS 0x0000000511c00000, 0x0000000511c00000| Untracked 
| 123|0x0000000511e00000, 0x0000000511e00000, 0x0000000512000000|  0%| F|  |TAMS 0x0000000511e00000, 0x0000000511e00000| Untracked 
| 124|0x0000000512000000, 0x0000000512000000, 0x0000000512200000|  0%| F|  |TAMS 0x0000000512000000, 0x0000000512000000| Untracked 
| 125|0x0000000512200000, 0x0000000512200000, 0x0000000512400000|  0%| F|  |TAMS 0x0000000512200000, 0x0000000512200000| Untracked 
| 126|0x0000000512400000, 0x0000000512400000, 0x0000000512600000|  0%| F|  |TAMS 0x0000000512400000, 0x0000000512400000| Untracked 
| 127|0x0000000512600000, 0x0000000512600000, 0x0000000512800000|  0%| F|  |TAMS 0x0000000512600000, 0x0000000512600000| Untracked 
| 128|0x0000000512800000, 0x0000000512800000, 0x0000000512a00000|  0%| F|  |TAMS 0x0000000512800000, 0x0000000512800000| Untracked 
| 129|0x0000000512a00000, 0x0000000512a00000, 0x0000000512c00000|  0%| F|  |TAMS 0x0000000512a00000, 0x0000000512a00000| Untracked 
| 130|0x0000000512c00000, 0x0000000512c00000, 0x0000000512e00000|  0%| F|  |TAMS 0x0000000512c00000, 0x0000000512c00000| Untracked 
| 131|0x0000000512e00000, 0x0000000512e00000, 0x0000000513000000|  0%| F|  |TAMS 0x0000000512e00000, 0x0000000512e00000| Untracked 
| 132|0x0000000513000000, 0x0000000513000000, 0x0000000513200000|  0%| F|  |TAMS 0x0000000513000000, 0x0000000513000000| Untracked 
| 133|0x0000000513200000, 0x0000000513200000, 0x0000000513400000|  0%| F|  |TAMS 0x0000000513200000, 0x0000000513200000| Untracked 
| 134|0x0000000513400000, 0x0000000513400000, 0x0000000513600000|  0%| F|  |TAMS 0x0000000513400000, 0x0000000513400000| Untracked 
| 135|0x0000000513600000, 0x0000000513600000, 0x0000000513800000|  0%| F|  |TAMS 0x0000000513600000, 0x0000000513600000| Untracked 
| 136|0x0000000513800000, 0x0000000513800000, 0x0000000513a00000|  0%| F|  |TAMS 0x0000000513800000, 0x0000000513800000| Untracked 
| 137|0x0000000513a00000, 0x0000000513a00000, 0x0000000513c00000|  0%| F|  |TAMS 0x0000000513a00000, 0x0000000513a00000| Untracked 
| 138|0x0000000513c00000, 0x0000000513c00000, 0x0000000513e00000|  0%| F|  |TAMS 0x0000000513c00000, 0x0000000513c00000| Untracked 
| 139|0x0000000513e00000, 0x0000000513e00000, 0x0000000514000000|  0%| F|  |TAMS 0x0000000513e00000, 0x0000000513e00000| Untracked 
| 140|0x0000000514000000, 0x0000000514000000, 0x0000000514200000|  0%| F|  |TAMS 0x0000000514000000, 0x0000000514000000| Untracked 
| 141|0x0000000514200000, 0x0000000514200000, 0x0000000514400000|  0%| F|  |TAMS 0x0000000514200000, 0x0000000514200000| Untracked 
| 142|0x0000000514400000, 0x0000000514400000, 0x0000000514600000|  0%| F|  |TAMS 0x0000000514400000, 0x0000000514400000| Untracked 
| 143|0x0000000514600000, 0x0000000514600000, 0x0000000514800000|  0%| F|  |TAMS 0x0000000514600000, 0x0000000514600000| Untracked 
| 144|0x0000000514800000, 0x0000000514800000, 0x0000000514a00000|  0%| F|  |TAMS 0x0000000514800000, 0x0000000514800000| Untracked 
| 145|0x0000000514a00000, 0x0000000514a00000, 0x0000000514c00000|  0%| F|  |TAMS 0x0000000514a00000, 0x0000000514a00000| Untracked 
| 146|0x0000000514c00000, 0x0000000514c00000, 0x0000000514e00000|  0%| F|  |TAMS 0x0000000514c00000, 0x0000000514c00000| Untracked 
| 147|0x0000000514e00000, 0x0000000514e00000, 0x0000000515000000|  0%| F|  |TAMS 0x0000000514e00000, 0x0000000514e00000| Untracked 
| 148|0x0000000515000000, 0x0000000515000000, 0x0000000515200000|  0%| F|  |TAMS 0x0000000515000000, 0x0000000515000000| Untracked 
| 149|0x0000000515200000, 0x0000000515200000, 0x0000000515400000|  0%| F|  |TAMS 0x0000000515200000, 0x0000000515200000| Untracked 
| 150|0x0000000515400000, 0x0000000515400000, 0x0000000515600000|  0%| F|  |TAMS 0x0000000515400000, 0x0000000515400000| Untracked 
| 151|0x0000000515600000, 0x0000000515600000, 0x0000000515800000|  0%| F|  |TAMS 0x0000000515600000, 0x0000000515600000| Untracked 
| 152|0x0000000515800000, 0x0000000515800000, 0x0000000515a00000|  0%| F|  |TAMS 0x0000000515800000, 0x0000000515800000| Untracked 
| 153|0x0000000515a00000, 0x0000000515a00000, 0x0000000515c00000|  0%| F|  |TAMS 0x0000000515a00000, 0x0000000515a00000| Untracked 
| 154|0x0000000515c00000, 0x0000000515c00000, 0x0000000515e00000|  0%| F|  |TAMS 0x0000000515c00000, 0x0000000515c00000| Untracked 
| 155|0x0000000515e00000, 0x0000000515e00000, 0x0000000516000000|  0%| F|  |TAMS 0x0000000515e00000, 0x0000000515e00000| Untracked 
| 156|0x0000000516000000, 0x0000000516000000, 0x0000000516200000|  0%| F|  |TAMS 0x0000000516000000, 0x0000000516000000| Untracked 
| 157|0x0000000516200000, 0x0000000516200000, 0x0000000516400000|  0%| F|  |TAMS 0x0000000516200000, 0x0000000516200000| Untracked 
| 158|0x0000000516400000, 0x0000000516400000, 0x0000000516600000|  0%| F|  |TAMS 0x0000000516400000, 0x0000000516400000| Untracked 
| 159|0x0000000516600000, 0x0000000516600000, 0x0000000516800000|  0%| F|  |TAMS 0x0000000516600000, 0x0000000516600000| Untracked 
| 160|0x0000000516800000, 0x0000000516800000, 0x0000000516a00000|  0%| F|  |TAMS 0x0000000516800000, 0x0000000516800000| Untracked 
| 161|0x0000000516a00000, 0x0000000516a00000, 0x0000000516c00000|  0%| F|  |TAMS 0x0000000516a00000, 0x0000000516a00000| Untracked 
| 162|0x0000000516c00000, 0x0000000516c00000, 0x0000000516e00000|  0%| F|  |TAMS 0x0000000516c00000, 0x0000000516c00000| Untracked 
| 163|0x0000000516e00000, 0x0000000516e00000, 0x0000000517000000|  0%| F|  |TAMS 0x0000000516e00000, 0x0000000516e00000| Untracked 
| 164|0x0000000517000000, 0x0000000517000000, 0x0000000517200000|  0%| F|  |TAMS 0x0000000517000000, 0x0000000517000000| Untracked 
| 165|0x0000000517200000, 0x0000000517200000, 0x0000000517400000|  0%| F|  |TAMS 0x0000000517200000, 0x0000000517200000| Untracked 
| 166|0x0000000517400000, 0x0000000517400000, 0x0000000517600000|  0%| F|  |TAMS 0x0000000517400000, 0x0000000517400000| Untracked 
| 167|0x0000000517600000, 0x0000000517600000, 0x0000000517800000|  0%| F|  |TAMS 0x0000000517600000, 0x0000000517600000| Untracked 
| 168|0x0000000517800000, 0x0000000517800000, 0x0000000517a00000|  0%| F|  |TAMS 0x0000000517800000, 0x0000000517800000| Untracked 
| 169|0x0000000517a00000, 0x0000000517a00000, 0x0000000517c00000|  0%| F|  |TAMS 0x0000000517a00000, 0x0000000517a00000| Untracked 
| 170|0x0000000517c00000, 0x0000000517c00000, 0x0000000517e00000|  0%| F|  |TAMS 0x0000000517c00000, 0x0000000517c00000| Untracked 
| 171|0x0000000517e00000, 0x0000000517e00000, 0x0000000518000000|  0%| F|  |TAMS 0x0000000517e00000, 0x0000000517e00000| Untracked 
| 172|0x0000000518000000, 0x0000000518000000, 0x0000000518200000|  0%| F|  |TAMS 0x0000000518000000, 0x0000000518000000| Untracked 
| 173|0x0000000518200000, 0x0000000518200000, 0x0000000518400000|  0%| F|  |TAMS 0x0000000518200000, 0x0000000518200000| Untracked 
| 174|0x0000000518400000, 0x0000000518400000, 0x0000000518600000|  0%| F|  |TAMS 0x0000000518400000, 0x0000000518400000| Untracked 
| 175|0x0000000518600000, 0x0000000518600000, 0x0000000518800000|  0%| F|  |TAMS 0x0000000518600000, 0x0000000518600000| Untracked 
| 176|0x0000000518800000, 0x0000000518800000, 0x0000000518a00000|  0%| F|  |TAMS 0x0000000518800000, 0x0000000518800000| Untracked 
| 177|0x0000000518a00000, 0x0000000518a00000, 0x0000000518c00000|  0%| F|  |TAMS 0x0000000518a00000, 0x0000000518a00000| Untracked 
| 178|0x0000000518c00000, 0x0000000518c00000, 0x0000000518e00000|  0%| F|  |TAMS 0x0000000518c00000, 0x0000000518c00000| Untracked 
| 179|0x0000000518e00000, 0x0000000518e00000, 0x0000000519000000|  0%| F|  |TAMS 0x0000000518e00000, 0x0000000518e00000| Untracked 
| 180|0x0000000519000000, 0x0000000519000000, 0x0000000519200000|  0%| F|  |TAMS 0x0000000519000000, 0x0000000519000000| Untracked 
| 181|0x0000000519200000, 0x0000000519200000, 0x0000000519400000|  0%| F|  |TAMS 0x0000000519200000, 0x0000000519200000| Untracked 
| 182|0x0000000519400000, 0x0000000519400000, 0x0000000519600000|  0%| F|  |TAMS 0x0000000519400000, 0x0000000519400000| Untracked 
| 183|0x0000000519600000, 0x0000000519600000, 0x0000000519800000|  0%| F|  |TAMS 0x0000000519600000, 0x0000000519600000| Untracked 
| 184|0x0000000519800000, 0x0000000519800000, 0x0000000519a00000|  0%| F|  |TAMS 0x0000000519800000, 0x0000000519800000| Untracked 
| 185|0x0000000519a00000, 0x0000000519a00000, 0x0000000519c00000|  0%| F|  |TAMS 0x0000000519a00000, 0x0000000519a00000| Untracked 
| 186|0x0000000519c00000, 0x0000000519c00000, 0x0000000519e00000|  0%| F|  |TAMS 0x0000000519c00000, 0x0000000519c00000| Untracked 
| 187|0x0000000519e00000, 0x0000000519e00000, 0x000000051a000000|  0%| F|  |TAMS 0x0000000519e00000, 0x0000000519e00000| Untracked 
| 188|0x000000051a000000, 0x000000051a000000, 0x000000051a200000|  0%| F|  |TAMS 0x000000051a000000, 0x000000051a000000| Untracked 
| 189|0x000000051a200000, 0x000000051a200000, 0x000000051a400000|  0%| F|  |TAMS 0x000000051a200000, 0x000000051a200000| Untracked 
| 190|0x000000051a400000, 0x000000051a400000, 0x000000051a600000|  0%| F|  |TAMS 0x000000051a400000, 0x000000051a400000| Untracked 
| 191|0x000000051a600000, 0x000000051a600000, 0x000000051a800000|  0%| F|  |TAMS 0x000000051a600000, 0x000000051a600000| Untracked 
| 192|0x000000051a800000, 0x000000051a800000, 0x000000051aa00000|  0%| F|  |TAMS 0x000000051a800000, 0x000000051a800000| Untracked 
| 193|0x000000051aa00000, 0x000000051aa00000, 0x000000051ac00000|  0%| F|  |TAMS 0x000000051aa00000, 0x000000051aa00000| Untracked 
| 194|0x000000051ac00000, 0x000000051ac00000, 0x000000051ae00000|  0%| F|  |TAMS 0x000000051ac00000, 0x000000051ac00000| Untracked 
| 195|0x000000051ae00000, 0x000000051ae00000, 0x000000051b000000|  0%| F|  |TAMS 0x000000051ae00000, 0x000000051ae00000| Untracked 
| 196|0x000000051b000000, 0x000000051b000000, 0x000000051b200000|  0%| F|  |TAMS 0x000000051b000000, 0x000000051b000000| Untracked 
| 197|0x000000051b200000, 0x000000051b200000, 0x000000051b400000|  0%| F|  |TAMS 0x000000051b200000, 0x000000051b200000| Untracked 
| 198|0x000000051b400000, 0x000000051b400000, 0x000000051b600000|  0%| F|  |TAMS 0x000000051b400000, 0x000000051b400000| Untracked 
| 199|0x000000051b600000, 0x000000051b600000, 0x000000051b800000|  0%| F|  |TAMS 0x000000051b600000, 0x000000051b600000| Untracked 
| 200|0x000000051b800000, 0x000000051b800000, 0x000000051ba00000|  0%| F|  |TAMS 0x000000051b800000, 0x000000051b800000| Untracked 
| 201|0x000000051ba00000, 0x000000051ba00000, 0x000000051bc00000|  0%| F|  |TAMS 0x000000051ba00000, 0x000000051ba00000| Untracked 
| 202|0x000000051bc00000, 0x000000051bc00000, 0x000000051be00000|  0%| F|  |TAMS 0x000000051bc00000, 0x000000051bc00000| Untracked 
| 203|0x000000051be00000, 0x000000051be00000, 0x000000051c000000|  0%| F|  |TAMS 0x000000051be00000, 0x000000051be00000| Untracked 
| 204|0x000000051c000000, 0x000000051c000000, 0x000000051c200000|  0%| F|  |TAMS 0x000000051c000000, 0x000000051c000000| Untracked 
| 205|0x000000051c200000, 0x000000051c200000, 0x000000051c400000|  0%| F|  |TAMS 0x000000051c200000, 0x000000051c200000| Untracked 
| 206|0x000000051c400000, 0x000000051c400000, 0x000000051c600000|  0%| F|  |TAMS 0x000000051c400000, 0x000000051c400000| Untracked 
| 207|0x000000051c600000, 0x000000051c600000, 0x000000051c800000|  0%| F|  |TAMS 0x000000051c600000, 0x000000051c600000| Untracked 
| 208|0x000000051c800000, 0x000000051c800000, 0x000000051ca00000|  0%| F|  |TAMS 0x000000051c800000, 0x000000051c800000| Untracked 
| 209|0x000000051ca00000, 0x000000051ca00000, 0x000000051cc00000|  0%| F|  |TAMS 0x000000051ca00000, 0x000000051ca00000| Untracked 
| 210|0x000000051cc00000, 0x000000051cc00000, 0x000000051ce00000|  0%| F|  |TAMS 0x000000051cc00000, 0x000000051cc00000| Untracked 
| 211|0x000000051ce00000, 0x000000051ce00000, 0x000000051d000000|  0%| F|  |TAMS 0x000000051ce00000, 0x000000051ce00000| Untracked 
| 212|0x000000051d000000, 0x000000051d000000, 0x000000051d200000|  0%| F|  |TAMS 0x000000051d000000, 0x000000051d000000| Untracked 
| 213|0x000000051d200000, 0x000000051d200000, 0x000000051d400000|  0%| F|  |TAMS 0x000000051d200000, 0x000000051d200000| Untracked 
| 214|0x000000051d400000, 0x000000051d400000, 0x000000051d600000|  0%| F|  |TAMS 0x000000051d400000, 0x000000051d400000| Untracked 
| 215|0x000000051d600000, 0x000000051d600000, 0x000000051d800000|  0%| F|  |TAMS 0x000000051d600000, 0x000000051d600000| Untracked 
| 216|0x000000051d800000, 0x000000051d800000, 0x000000051da00000|  0%| F|  |TAMS 0x000000051d800000, 0x000000051d800000| Untracked 
| 217|0x000000051da00000, 0x000000051da00000, 0x000000051dc00000|  0%| F|  |TAMS 0x000000051da00000, 0x000000051da00000| Untracked 
| 218|0x000000051dc00000, 0x000000051dc00000, 0x000000051de00000|  0%| F|  |TAMS 0x000000051dc00000, 0x000000051dc00000| Untracked 
| 219|0x000000051de00000, 0x000000051de00000, 0x000000051e000000|  0%| F|  |TAMS 0x000000051de00000, 0x000000051de00000| Untracked 
| 220|0x000000051e000000, 0x000000051e000000, 0x000000051e200000|  0%| F|  |TAMS 0x000000051e000000, 0x000000051e000000| Untracked 
| 221|0x000000051e200000, 0x000000051e200000, 0x000000051e400000|  0%| F|  |TAMS 0x000000051e200000, 0x000000051e200000| Untracked 
| 222|0x000000051e400000, 0x000000051e400000, 0x000000051e600000|  0%| F|  |TAMS 0x000000051e400000, 0x000000051e400000| Untracked 
| 223|0x000000051e600000, 0x000000051e600000, 0x000000051e800000|  0%| F|  |TAMS 0x000000051e600000, 0x000000051e600000| Untracked 
| 224|0x000000051e800000, 0x000000051e800000, 0x000000051ea00000|  0%| F|  |TAMS 0x000000051e800000, 0x000000051e800000| Untracked 
| 225|0x000000051ea00000, 0x000000051ea00000, 0x000000051ec00000|  0%| F|  |TAMS 0x000000051ea00000, 0x000000051ea00000| Untracked 
| 226|0x000000051ec00000, 0x000000051ec00000, 0x000000051ee00000|  0%| F|  |TAMS 0x000000051ec00000, 0x000000051ec00000| Untracked 
| 227|0x000000051ee00000, 0x000000051ee00000, 0x000000051f000000|  0%| F|  |TAMS 0x000000051ee00000, 0x000000051ee00000| Untracked 
| 228|0x000000051f000000, 0x000000051f000000, 0x000000051f200000|  0%| F|  |TAMS 0x000000051f000000, 0x000000051f000000| Untracked 
| 229|0x000000051f200000, 0x000000051f200000, 0x000000051f400000|  0%| F|  |TAMS 0x000000051f200000, 0x000000051f200000| Untracked 
| 230|0x000000051f400000, 0x000000051f400000, 0x000000051f600000|  0%| F|  |TAMS 0x000000051f400000, 0x000000051f400000| Untracked 
| 231|0x000000051f600000, 0x000000051f600000, 0x000000051f800000|  0%| F|  |TAMS 0x000000051f600000, 0x000000051f600000| Untracked 
| 232|0x000000051f800000, 0x000000051f800000, 0x000000051fa00000|  0%| F|  |TAMS 0x000000051f800000, 0x000000051f800000| Untracked 
| 233|0x000000051fa00000, 0x000000051fa00000, 0x000000051fc00000|  0%| F|  |TAMS 0x000000051fa00000, 0x000000051fa00000| Untracked 
| 234|0x000000051fc00000, 0x000000051fc00000, 0x000000051fe00000|  0%| F|  |TAMS 0x000000051fc00000, 0x000000051fc00000| Untracked 
| 235|0x000000051fe00000, 0x000000051fe00000, 0x0000000520000000|  0%| F|  |TAMS 0x000000051fe00000, 0x000000051fe00000| Untracked 
| 236|0x0000000520000000, 0x0000000520000000, 0x0000000520200000|  0%| F|  |TAMS 0x0000000520000000, 0x0000000520000000| Untracked 
| 237|0x0000000520200000, 0x0000000520200000, 0x0000000520400000|  0%| F|  |TAMS 0x0000000520200000, 0x0000000520200000| Untracked 
| 238|0x0000000520400000, 0x0000000520400000, 0x0000000520600000|  0%| F|  |TAMS 0x0000000520400000, 0x0000000520400000| Untracked 
| 239|0x0000000520600000, 0x0000000520600000, 0x0000000520800000|  0%| F|  |TAMS 0x0000000520600000, 0x0000000520600000| Untracked 
| 240|0x0000000520800000, 0x0000000520800000, 0x0000000520a00000|  0%| F|  |TAMS 0x0000000520800000, 0x0000000520800000| Untracked 
| 241|0x0000000520a00000, 0x0000000520a00000, 0x0000000520c00000|  0%| F|  |TAMS 0x0000000520a00000, 0x0000000520a00000| Untracked 
| 242|0x0000000520c00000, 0x0000000520c00000, 0x0000000520e00000|  0%| F|  |TAMS 0x0000000520c00000, 0x0000000520c00000| Untracked 
| 243|0x0000000520e00000, 0x0000000520e00000, 0x0000000521000000|  0%| F|  |TAMS 0x0000000520e00000, 0x0000000520e00000| Untracked 
| 244|0x0000000521000000, 0x0000000521000000, 0x0000000521200000|  0%| F|  |TAMS 0x0000000521000000, 0x0000000521000000| Untracked 
| 245|0x0000000521200000, 0x0000000521200000, 0x0000000521400000|  0%| F|  |TAMS 0x0000000521200000, 0x0000000521200000| Untracked 
| 246|0x0000000521400000, 0x0000000521400000, 0x0000000521600000|  0%| F|  |TAMS 0x0000000521400000, 0x0000000521400000| Untracked 
| 247|0x0000000521600000, 0x0000000521600000, 0x0000000521800000|  0%| F|  |TAMS 0x0000000521600000, 0x0000000521600000| Untracked 
| 248|0x0000000521800000, 0x0000000521800000, 0x0000000521a00000|  0%| F|  |TAMS 0x0000000521800000, 0x0000000521800000| Untracked 
| 249|0x0000000521a00000, 0x0000000521a00000, 0x0000000521c00000|  0%| F|  |TAMS 0x0000000521a00000, 0x0000000521a00000| Untracked 
| 250|0x0000000521c00000, 0x0000000521c00000, 0x0000000521e00000|  0%| F|  |TAMS 0x0000000521c00000, 0x0000000521c00000| Untracked 
| 251|0x0000000521e00000, 0x0000000521e00000, 0x0000000522000000|  0%| F|  |TAMS 0x0000000521e00000, 0x0000000521e00000| Untracked 
| 252|0x0000000522000000, 0x0000000522000000, 0x0000000522200000|  0%| F|  |TAMS 0x0000000522000000, 0x0000000522000000| Untracked 
| 253|0x0000000522200000, 0x0000000522200000, 0x0000000522400000|  0%| F|  |TAMS 0x0000000522200000, 0x0000000522200000| Untracked 
| 254|0x0000000522400000, 0x0000000522400000, 0x0000000522600000|  0%| F|  |TAMS 0x0000000522400000, 0x0000000522400000| Untracked 
| 255|0x0000000522600000, 0x0000000522600000, 0x0000000522800000|  0%| F|  |TAMS 0x0000000522600000, 0x0000000522600000| Untracked 
| 256|0x0000000522800000, 0x0000000522800000, 0x0000000522a00000|  0%| F|  |TAMS 0x0000000522800000, 0x0000000522800000| Untracked 
| 257|0x0000000522a00000, 0x0000000522a00000, 0x0000000522c00000|  0%| F|  |TAMS 0x0000000522a00000, 0x0000000522a00000| Untracked 
| 258|0x0000000522c00000, 0x0000000522c00000, 0x0000000522e00000|  0%| F|  |TAMS 0x0000000522c00000, 0x0000000522c00000| Untracked 
| 259|0x0000000522e00000, 0x0000000522e00000, 0x0000000523000000|  0%| F|  |TAMS 0x0000000522e00000, 0x0000000522e00000| Untracked 
| 260|0x0000000523000000, 0x0000000523000000, 0x0000000523200000|  0%| F|  |TAMS 0x0000000523000000, 0x0000000523000000| Untracked 
| 261|0x0000000523200000, 0x0000000523200000, 0x0000000523400000|  0%| F|  |TAMS 0x0000000523200000, 0x0000000523200000| Untracked 
| 262|0x0000000523400000, 0x0000000523400000, 0x0000000523600000|  0%| F|  |TAMS 0x0000000523400000, 0x0000000523400000| Untracked 
| 263|0x0000000523600000, 0x0000000523600000, 0x0000000523800000|  0%| F|  |TAMS 0x0000000523600000, 0x0000000523600000| Untracked 
| 264|0x0000000523800000, 0x0000000523800000, 0x0000000523a00000|  0%| F|  |TAMS 0x0000000523800000, 0x0000000523800000| Untracked 
| 265|0x0000000523a00000, 0x0000000523a00000, 0x0000000523c00000|  0%| F|  |TAMS 0x0000000523a00000, 0x0000000523a00000| Untracked 
| 266|0x0000000523c00000, 0x0000000523c00000, 0x0000000523e00000|  0%| F|  |TAMS 0x0000000523c00000, 0x0000000523c00000| Untracked 
| 267|0x0000000523e00000, 0x0000000523e00000, 0x0000000524000000|  0%| F|  |TAMS 0x0000000523e00000, 0x0000000523e00000| Untracked 
| 268|0x0000000524000000, 0x0000000524000000, 0x0000000524200000|  0%| F|  |TAMS 0x0000000524000000, 0x0000000524000000| Untracked 
| 269|0x0000000524200000, 0x0000000524200000, 0x0000000524400000|  0%| F|  |TAMS 0x0000000524200000, 0x0000000524200000| Untracked 
| 270|0x0000000524400000, 0x0000000524400000, 0x0000000524600000|  0%| F|  |TAMS 0x0000000524400000, 0x0000000524400000| Untracked 
| 271|0x0000000524600000, 0x0000000524600000, 0x0000000524800000|  0%| F|  |TAMS 0x0000000524600000, 0x0000000524600000| Untracked 
| 272|0x0000000524800000, 0x0000000524800000, 0x0000000524a00000|  0%| F|  |TAMS 0x0000000524800000, 0x0000000524800000| Untracked 
| 273|0x0000000524a00000, 0x0000000524a00000, 0x0000000524c00000|  0%| F|  |TAMS 0x0000000524a00000, 0x0000000524a00000| Untracked 
| 274|0x0000000524c00000, 0x0000000524c00000, 0x0000000524e00000|  0%| F|  |TAMS 0x0000000524c00000, 0x0000000524c00000| Untracked 
| 275|0x0000000524e00000, 0x0000000524e00000, 0x0000000525000000|  0%| F|  |TAMS 0x0000000524e00000, 0x0000000524e00000| Untracked 
| 276|0x0000000525000000, 0x0000000525000000, 0x0000000525200000|  0%| F|  |TAMS 0x0000000525000000, 0x0000000525000000| Untracked 
| 277|0x0000000525200000, 0x0000000525200000, 0x0000000525400000|  0%| F|  |TAMS 0x0000000525200000, 0x0000000525200000| Untracked 
| 278|0x0000000525400000, 0x0000000525400000, 0x0000000525600000|  0%| F|  |TAMS 0x0000000525400000, 0x0000000525400000| Untracked 
| 279|0x0000000525600000, 0x0000000525600000, 0x0000000525800000|  0%| F|  |TAMS 0x0000000525600000, 0x0000000525600000| Untracked 
| 280|0x0000000525800000, 0x0000000525800000, 0x0000000525a00000|  0%| F|  |TAMS 0x0000000525800000, 0x0000000525800000| Untracked 
| 281|0x0000000525a00000, 0x0000000525a00000, 0x0000000525c00000|  0%| F|  |TAMS 0x0000000525a00000, 0x0000000525a00000| Untracked 
| 282|0x0000000525c00000, 0x0000000525c00000, 0x0000000525e00000|  0%| F|  |TAMS 0x0000000525c00000, 0x0000000525c00000| Untracked 
| 283|0x0000000525e00000, 0x0000000525e00000, 0x0000000526000000|  0%| F|  |TAMS 0x0000000525e00000, 0x0000000525e00000| Untracked 
| 284|0x0000000526000000, 0x0000000526000000, 0x0000000526200000|  0%| F|  |TAMS 0x0000000526000000, 0x0000000526000000| Untracked 
| 285|0x0000000526200000, 0x0000000526200000, 0x0000000526400000|  0%| F|  |TAMS 0x0000000526200000, 0x0000000526200000| Untracked 
| 286|0x0000000526400000, 0x0000000526400000, 0x0000000526600000|  0%| F|  |TAMS 0x0000000526400000, 0x0000000526400000| Untracked 
| 287|0x0000000526600000, 0x0000000526600000, 0x0000000526800000|  0%| F|  |TAMS 0x0000000526600000, 0x0000000526600000| Untracked 
| 288|0x0000000526800000, 0x0000000526800000, 0x0000000526a00000|  0%| F|  |TAMS 0x0000000526800000, 0x0000000526800000| Untracked 
| 289|0x0000000526a00000, 0x0000000526a00000, 0x0000000526c00000|  0%| F|  |TAMS 0x0000000526a00000, 0x0000000526a00000| Untracked 
| 290|0x0000000526c00000, 0x0000000526c00000, 0x0000000526e00000|  0%| F|  |TAMS 0x0000000526c00000, 0x0000000526c00000| Untracked 
| 291|0x0000000526e00000, 0x0000000526e00000, 0x0000000527000000|  0%| F|  |TAMS 0x0000000526e00000, 0x0000000526e00000| Untracked 
| 292|0x0000000527000000, 0x0000000527000000, 0x0000000527200000|  0%| F|  |TAMS 0x0000000527000000, 0x0000000527000000| Untracked 
| 293|0x0000000527200000, 0x0000000527200000, 0x0000000527400000|  0%| F|  |TAMS 0x0000000527200000, 0x0000000527200000| Untracked 
| 294|0x0000000527400000, 0x0000000527400000, 0x0000000527600000|  0%| F|  |TAMS 0x0000000527400000, 0x0000000527400000| Untracked 
| 295|0x0000000527600000, 0x0000000527600000, 0x0000000527800000|  0%| F|  |TAMS 0x0000000527600000, 0x0000000527600000| Untracked 
| 296|0x0000000527800000, 0x0000000527800000, 0x0000000527a00000|  0%| F|  |TAMS 0x0000000527800000, 0x0000000527800000| Untracked 
| 297|0x0000000527a00000, 0x0000000527a00000, 0x0000000527c00000|  0%| F|  |TAMS 0x0000000527a00000, 0x0000000527a00000| Untracked 
| 298|0x0000000527c00000, 0x0000000527c00000, 0x0000000527e00000|  0%| F|  |TAMS 0x0000000527c00000, 0x0000000527c00000| Untracked 
| 299|0x0000000527e00000, 0x0000000527e00000, 0x0000000528000000|  0%| F|  |TAMS 0x0000000527e00000, 0x0000000527e00000| Untracked 
| 300|0x0000000528000000, 0x0000000528000000, 0x0000000528200000|  0%| F|  |TAMS 0x0000000528000000, 0x0000000528000000| Untracked 
| 301|0x0000000528200000, 0x0000000528200000, 0x0000000528400000|  0%| F|  |TAMS 0x0000000528200000, 0x0000000528200000| Untracked 
| 302|0x0000000528400000, 0x0000000528400000, 0x0000000528600000|  0%| F|  |TAMS 0x0000000528400000, 0x0000000528400000| Untracked 
| 303|0x0000000528600000, 0x0000000528600000, 0x0000000528800000|  0%| F|  |TAMS 0x0000000528600000, 0x0000000528600000| Untracked 
| 304|0x0000000528800000, 0x0000000528800000, 0x0000000528a00000|  0%| F|  |TAMS 0x0000000528800000, 0x0000000528800000| Untracked 
| 305|0x0000000528a00000, 0x0000000528a00000, 0x0000000528c00000|  0%| F|  |TAMS 0x0000000528a00000, 0x0000000528a00000| Untracked 
| 306|0x0000000528c00000, 0x0000000528c00000, 0x0000000528e00000|  0%| F|  |TAMS 0x0000000528c00000, 0x0000000528c00000| Untracked 
| 307|0x0000000528e00000, 0x0000000528e00000, 0x0000000529000000|  0%| F|  |TAMS 0x0000000528e00000, 0x0000000528e00000| Untracked 
| 308|0x0000000529000000, 0x0000000529000000, 0x0000000529200000|  0%| F|  |TAMS 0x0000000529000000, 0x0000000529000000| Untracked 
| 309|0x0000000529200000, 0x0000000529200000, 0x0000000529400000|  0%| F|  |TAMS 0x0000000529200000, 0x0000000529200000| Untracked 
| 310|0x0000000529400000, 0x0000000529400000, 0x0000000529600000|  0%| F|  |TAMS 0x0000000529400000, 0x0000000529400000| Untracked 
| 311|0x0000000529600000, 0x0000000529600000, 0x0000000529800000|  0%| F|  |TAMS 0x0000000529600000, 0x0000000529600000| Untracked 
| 312|0x0000000529800000, 0x0000000529800000, 0x0000000529a00000|  0%| F|  |TAMS 0x0000000529800000, 0x0000000529800000| Untracked 
| 313|0x0000000529a00000, 0x0000000529a00000, 0x0000000529c00000|  0%| F|  |TAMS 0x0000000529a00000, 0x0000000529a00000| Untracked 
| 314|0x0000000529c00000, 0x0000000529c00000, 0x0000000529e00000|  0%| F|  |TAMS 0x0000000529c00000, 0x0000000529c00000| Untracked 
| 315|0x0000000529e00000, 0x0000000529e00000, 0x000000052a000000|  0%| F|  |TAMS 0x0000000529e00000, 0x0000000529e00000| Untracked 
| 316|0x000000052a000000, 0x000000052a000000, 0x000000052a200000|  0%| F|  |TAMS 0x000000052a000000, 0x000000052a000000| Untracked 
| 317|0x000000052a200000, 0x000000052a200000, 0x000000052a400000|  0%| F|  |TAMS 0x000000052a200000, 0x000000052a200000| Untracked 
| 318|0x000000052a400000, 0x000000052a400000, 0x000000052a600000|  0%| F|  |TAMS 0x000000052a400000, 0x000000052a400000| Untracked 
| 319|0x000000052a600000, 0x000000052a600000, 0x000000052a800000|  0%| F|  |TAMS 0x000000052a600000, 0x000000052a600000| Untracked 
| 320|0x000000052a800000, 0x000000052a800000, 0x000000052aa00000|  0%| F|  |TAMS 0x000000052a800000, 0x000000052a800000| Untracked 
| 321|0x000000052aa00000, 0x000000052aa00000, 0x000000052ac00000|  0%| F|  |TAMS 0x000000052aa00000, 0x000000052aa00000| Untracked 
| 322|0x000000052ac00000, 0x000000052ac00000, 0x000000052ae00000|  0%| F|  |TAMS 0x000000052ac00000, 0x000000052ac00000| Untracked 
| 323|0x000000052ae00000, 0x000000052ae00000, 0x000000052b000000|  0%| F|  |TAMS 0x000000052ae00000, 0x000000052ae00000| Untracked 
| 324|0x000000052b000000, 0x000000052b000000, 0x000000052b200000|  0%| F|  |TAMS 0x000000052b000000, 0x000000052b000000| Untracked 
| 325|0x000000052b200000, 0x000000052b200000, 0x000000052b400000|  0%| F|  |TAMS 0x000000052b200000, 0x000000052b200000| Untracked 
| 326|0x000000052b400000, 0x000000052b400000, 0x000000052b600000|  0%| F|  |TAMS 0x000000052b400000, 0x000000052b400000| Untracked 
| 327|0x000000052b600000, 0x000000052b600000, 0x000000052b800000|  0%| F|  |TAMS 0x000000052b600000, 0x000000052b600000| Untracked 
| 328|0x000000052b800000, 0x000000052b800000, 0x000000052ba00000|  0%| F|  |TAMS 0x000000052b800000, 0x000000052b800000| Untracked 
| 329|0x000000052ba00000, 0x000000052ba00000, 0x000000052bc00000|  0%| F|  |TAMS 0x000000052ba00000, 0x000000052ba00000| Untracked 
| 330|0x000000052bc00000, 0x000000052bc00000, 0x000000052be00000|  0%| F|  |TAMS 0x000000052bc00000, 0x000000052bc00000| Untracked 
| 331|0x000000052be00000, 0x000000052be00000, 0x000000052c000000|  0%| F|  |TAMS 0x000000052be00000, 0x000000052be00000| Untracked 
| 332|0x000000052c000000, 0x000000052c000000, 0x000000052c200000|  0%| F|  |TAMS 0x000000052c000000, 0x000000052c000000| Untracked 
| 333|0x000000052c200000, 0x000000052c200000, 0x000000052c400000|  0%| F|  |TAMS 0x000000052c200000, 0x000000052c200000| Untracked 
| 334|0x000000052c400000, 0x000000052c400000, 0x000000052c600000|  0%| F|  |TAMS 0x000000052c400000, 0x000000052c400000| Untracked 
| 335|0x000000052c600000, 0x000000052c600000, 0x000000052c800000|  0%| F|  |TAMS 0x000000052c600000, 0x000000052c600000| Untracked 
| 336|0x000000052c800000, 0x000000052c800000, 0x000000052ca00000|  0%| F|  |TAMS 0x000000052c800000, 0x000000052c800000| Untracked 
| 337|0x000000052ca00000, 0x000000052ca00000, 0x000000052cc00000|  0%| F|  |TAMS 0x000000052ca00000, 0x000000052ca00000| Untracked 
| 338|0x000000052cc00000, 0x000000052cc00000, 0x000000052ce00000|  0%| F|  |TAMS 0x000000052cc00000, 0x000000052cc00000| Untracked 
| 339|0x000000052ce00000, 0x000000052ce00000, 0x000000052d000000|  0%| F|  |TAMS 0x000000052ce00000, 0x000000052ce00000| Untracked 
| 340|0x000000052d000000, 0x000000052d000000, 0x000000052d200000|  0%| F|  |TAMS 0x000000052d000000, 0x000000052d000000| Untracked 
| 341|0x000000052d200000, 0x000000052d200000, 0x000000052d400000|  0%| F|  |TAMS 0x000000052d200000, 0x000000052d200000| Untracked 
| 342|0x000000052d400000, 0x000000052d400000, 0x000000052d600000|  0%| F|  |TAMS 0x000000052d400000, 0x000000052d400000| Untracked 
| 343|0x000000052d600000, 0x000000052d600000, 0x000000052d800000|  0%| F|  |TAMS 0x000000052d600000, 0x000000052d600000| Untracked 
| 344|0x000000052d800000, 0x000000052d800000, 0x000000052da00000|  0%| F|  |TAMS 0x000000052d800000, 0x000000052d800000| Untracked 
| 345|0x000000052da00000, 0x000000052da00000, 0x000000052dc00000|  0%| F|  |TAMS 0x000000052da00000, 0x000000052da00000| Untracked 
| 346|0x000000052dc00000, 0x000000052dc00000, 0x000000052de00000|  0%| F|  |TAMS 0x000000052dc00000, 0x000000052dc00000| Untracked 
| 347|0x000000052de00000, 0x000000052de00000, 0x000000052e000000|  0%| F|  |TAMS 0x000000052de00000, 0x000000052de00000| Untracked 
| 348|0x000000052e000000, 0x000000052e000000, 0x000000052e200000|  0%| F|  |TAMS 0x000000052e000000, 0x000000052e000000| Untracked 
| 349|0x000000052e200000, 0x000000052e200000, 0x000000052e400000|  0%| F|  |TAMS 0x000000052e200000, 0x000000052e200000| Untracked 
| 350|0x000000052e400000, 0x000000052e400000, 0x000000052e600000|  0%| F|  |TAMS 0x000000052e400000, 0x000000052e400000| Untracked 
| 351|0x000000052e600000, 0x000000052e600000, 0x000000052e800000|  0%| F|  |TAMS 0x000000052e600000, 0x000000052e600000| Untracked 
| 352|0x000000052e800000, 0x000000052e800000, 0x000000052ea00000|  0%| F|  |TAMS 0x000000052e800000, 0x000000052e800000| Untracked 
| 353|0x000000052ea00000, 0x000000052ea00000, 0x000000052ec00000|  0%| F|  |TAMS 0x000000052ea00000, 0x000000052ea00000| Untracked 
| 354|0x000000052ec00000, 0x000000052ec00000, 0x000000052ee00000|  0%| F|  |TAMS 0x000000052ec00000, 0x000000052ec00000| Untracked 
| 355|0x000000052ee00000, 0x000000052ee00000, 0x000000052f000000|  0%| F|  |TAMS 0x000000052ee00000, 0x000000052ee00000| Untracked 
| 356|0x000000052f000000, 0x000000052f000000, 0x000000052f200000|  0%| F|  |TAMS 0x000000052f000000, 0x000000052f000000| Untracked 
| 357|0x000000052f200000, 0x000000052f200000, 0x000000052f400000|  0%| F|  |TAMS 0x000000052f200000, 0x000000052f200000| Untracked 
| 358|0x000000052f400000, 0x000000052f400000, 0x000000052f600000|  0%| F|  |TAMS 0x000000052f400000, 0x000000052f400000| Untracked 
| 359|0x000000052f600000, 0x000000052f600000, 0x000000052f800000|  0%| F|  |TAMS 0x000000052f600000, 0x000000052f600000| Untracked 
| 360|0x000000052f800000, 0x000000052f800000, 0x000000052fa00000|  0%| F|  |TAMS 0x000000052f800000, 0x000000052f800000| Untracked 
| 361|0x000000052fa00000, 0x000000052fa00000, 0x000000052fc00000|  0%| F|  |TAMS 0x000000052fa00000, 0x000000052fa00000| Untracked 
| 362|0x000000052fc00000, 0x000000052fc00000, 0x000000052fe00000|  0%| F|  |TAMS 0x000000052fc00000, 0x000000052fc00000| Untracked 
| 363|0x000000052fe00000, 0x000000052fe00000, 0x0000000530000000|  0%| F|  |TAMS 0x000000052fe00000, 0x000000052fe00000| Untracked 
| 364|0x0000000530000000, 0x0000000530000000, 0x0000000530200000|  0%| F|  |TAMS 0x0000000530000000, 0x0000000530000000| Untracked 
| 365|0x0000000530200000, 0x0000000530200000, 0x0000000530400000|  0%| F|  |TAMS 0x0000000530200000, 0x0000000530200000| Untracked 
| 366|0x0000000530400000, 0x0000000530400000, 0x0000000530600000|  0%| F|  |TAMS 0x0000000530400000, 0x0000000530400000| Untracked 
| 367|0x0000000530600000, 0x0000000530600000, 0x0000000530800000|  0%| F|  |TAMS 0x0000000530600000, 0x0000000530600000| Untracked 
| 368|0x0000000530800000, 0x0000000530800000, 0x0000000530a00000|  0%| F|  |TAMS 0x0000000530800000, 0x0000000530800000| Untracked 
| 369|0x0000000530a00000, 0x0000000530a00000, 0x0000000530c00000|  0%| F|  |TAMS 0x0000000530a00000, 0x0000000530a00000| Untracked 
| 370|0x0000000530c00000, 0x0000000530c00000, 0x0000000530e00000|  0%| F|  |TAMS 0x0000000530c00000, 0x0000000530c00000| Untracked 
| 371|0x0000000530e00000, 0x0000000530e00000, 0x0000000531000000|  0%| F|  |TAMS 0x0000000530e00000, 0x0000000530e00000| Untracked 
| 372|0x0000000531000000, 0x0000000531000000, 0x0000000531200000|  0%| F|  |TAMS 0x0000000531000000, 0x0000000531000000| Untracked 
| 373|0x0000000531200000, 0x0000000531200000, 0x0000000531400000|  0%| F|  |TAMS 0x0000000531200000, 0x0000000531200000| Untracked 
| 374|0x0000000531400000, 0x0000000531400000, 0x0000000531600000|  0%| F|  |TAMS 0x0000000531400000, 0x0000000531400000| Untracked 
| 375|0x0000000531600000, 0x0000000531600000, 0x0000000531800000|  0%| F|  |TAMS 0x0000000531600000, 0x0000000531600000| Untracked 
| 376|0x0000000531800000, 0x0000000531800000, 0x0000000531a00000|  0%| F|  |TAMS 0x0000000531800000, 0x0000000531800000| Untracked 
| 377|0x0000000531a00000, 0x0000000531a00000, 0x0000000531c00000|  0%| F|  |TAMS 0x0000000531a00000, 0x0000000531a00000| Untracked 
| 378|0x0000000531c00000, 0x0000000531e00000, 0x0000000531e00000|100%| S|CS|TAMS 0x0000000531c00000, 0x0000000531c00000| Complete 
| 379|0x0000000531e00000, 0x0000000532000000, 0x0000000532000000|100%| S|CS|TAMS 0x0000000531e00000, 0x0000000531e00000| Complete 
| 380|0x0000000532000000, 0x0000000532000000, 0x0000000532200000|  0%| F|  |TAMS 0x0000000532000000, 0x0000000532000000| Untracked 
| 381|0x0000000532200000, 0x0000000532200000, 0x0000000532400000|  0%| F|  |TAMS 0x0000000532200000, 0x0000000532200000| Untracked 
| 382|0x0000000532400000, 0x0000000532400000, 0x0000000532600000|  0%| F|  |TAMS 0x0000000532400000, 0x0000000532400000| Untracked 

Card table byte_map: [0x000002947e240000,0x000002947fa30000] _byte_map_base: 0x000002947ba2c000

Marking Bits (Prev, Next): (CMBitMap*) 0x000002946328e900, (CMBitMap*) 0x000002946328e8c8
 Prev Bits: [0x000002940d750000, 0x00000294196b0000)
 Next Bits: [0x00000294017f0000, 0x000002940d750000)

Polling page: 0x0000029463140000

Metaspace:

Usage:
  Non-class:     17.47 MB capacity,    17.27 MB ( 99%) used,   173.25 KB ( <1%) free+waste,    37.44 KB ( <1%) overhead. 
      Class:      1.92 MB capacity,     1.77 MB ( 93%) used,   128.80 KB (  7%) free+waste,    16.63 KB ( <1%) overhead. 
       Both:     19.39 MB capacity,    19.04 MB ( 98%) used,   302.05 KB (  2%) free+waste,    54.06 KB ( <1%) overhead. 

Virtual space:
  Non-class space:       34.00 MB reserved,      17.50 MB ( 51%) committed 
      Class space:        1.00 GB reserved,       2.00 MB ( <1%) committed 
             Both:        1.03 GB reserved,      19.50 MB (  2%) committed 

Chunk freelists:
   Non-Class:  3.25 KB
       Class:  2.88 KB
        Both:  6.13 KB

CodeHeap 'non-profiled nmethods': size=120000Kb used=367Kb max_used=367Kb free=119632Kb
 bounds [0x00000294751e0000, 0x0000029475450000, 0x000002947c710000]
CodeHeap 'profiled nmethods': size=120000Kb used=2354Kb max_used=2354Kb free=117645Kb
 bounds [0x000002946dcb0000, 0x000002946df20000, 0x00000294751e0000]
CodeHeap 'non-nmethods': size=5760Kb used=1151Kb max_used=1163Kb free=4608Kb
 bounds [0x000002946d710000, 0x000002946d980000, 0x000002946dcb0000]
 total_blobs=1772 nmethods=1291 adapters=392
 compilation: enabled
              stopped_count=0, restarted_count=0
 full_count=0

Compilation events (10 events):
Event: 1.100 Thread 0x000002941c013000 1285       3       java.lang.String::checkIndex (46 bytes)
Event: 1.100 Thread 0x000002941c013000 nmethod 1285 0x000002946def9310 code [0x000002946def9580, 0x000002946def9f18]
Event: 1.100 Thread 0x000002941c013000 1287       3       javax.management.ObjectName::hashCode (8 bytes)
Event: 1.100 Thread 0x000002941c013000 nmethod 1287 0x000002946defa290 code [0x000002946defa440, 0x000002946defa588]
Event: 1.100 Thread 0x000002941c013000 1286       3       java.util.HashMap::tableSizeFor (32 bytes)
Event: 1.100 Thread 0x000002941c013000 nmethod 1286 0x000002946defa690 code [0x000002946defa840, 0x000002946defaa28]
Event: 1.103 Thread 0x000002941c009000 nmethod 1282 0x000002947523ac10 code [0x000002947523adc0, 0x000002947523b388]
Event: 1.108 Thread 0x000002941c009000 1288 %     4       java.util.zip.ZipFile$Source::getEntryPos @ 84 (206 bytes)
Event: 1.110 Thread 0x000002941c009000 nmethod 1288% 0x000002947523b710 code [0x000002947523b8a0, 0x000002947523bc18]
Event: 1.110 Thread 0x000002941c009000 1289 %     4       java.io.WinNTFileSystem::normalize @ 22 (143 bytes)

GC Heap History (2 events):
Event: 1.055 GC heap before
{Heap before GC invocations=0 (full 0):
 garbage-first heap   total 784384K, used 28672K [0x0000000502800000, 0x0000000800000000)
  region size 2048K, 15 young (30720K), 0 survivors (0K)
 Metaspace       used 18595K, capacity 18966K, committed 19072K, reserved 1073152K
  class space    used 1712K, capacity 1855K, committed 1920K, reserved 1048576K
}
Event: 1.070 GC heap after
{Heap after GC invocations=1 (full 0):
 garbage-first heap   total 784384K, used 3990K [0x0000000502800000, 0x0000000800000000)
  region size 2048K, 2 young (4096K), 2 survivors (4096K)
 Metaspace       used 18595K, capacity 18966K, committed 19072K, reserved 1073152K
  class space    used 1712K, capacity 1855K, committed 1920K, reserved 1048576K
}

Deoptimization events (10 events):
Event: 0.326 Thread 0x0000029465254000 Uncommon trap: reason=class_check action=maybe_recompile pc=0x00000294751fb1e8 method=java.util.HashMap.putVal(ILjava/lang/Object;Ljava/lang/Object;ZZ)Ljava/lang/Object; @ 253 c2
Event: 0.326 Thread 0x0000029465254000 Uncommon trap: reason=class_check action=maybe_recompile pc=0x00000294751fb1e8 method=java.util.HashMap.putVal(ILjava/lang/Object;Ljava/lang/Object;ZZ)Ljava/lang/Object; @ 253 c2
Event: 0.370 Thread 0x0000029465254000 Uncommon trap: reason=unstable_if action=reinterpret pc=0x0000029475212fe0 method=java.util.HashMap.putVal(ILjava/lang/Object;Ljava/lang/Object;ZZ)Ljava/lang/Object; @ 181 c2
Event: 0.402 Thread 0x0000029465254000 Uncommon trap: reason=bimorphic_or_optimized_type_check action=maybe_recompile pc=0x00000294752188c4 method=java.util.HashMap.getNode(ILjava/lang/Object;)Ljava/util/HashMap$Node; @ 126 c2
Event: 0.427 Thread 0x0000029465254000 Uncommon trap: reason=unstable_if action=reinterpret pc=0x00000294752155d0 method=jdk.internal.org.objectweb.asm.Type.getArgumentsAndReturnSizes(Ljava/lang/String;)I @ 88 c2
Event: 0.477 Thread 0x0000029465254000 Uncommon trap: reason=unstable_if action=reinterpret pc=0x00000294752213f8 method=java.lang.String.startsWith(Ljava/lang/String;I)Z @ 1 c2
Event: 0.799 Thread 0x0000029465254000 Uncommon trap: reason=unstable_if action=reinterpret pc=0x00000294751ea22c method=java.lang.String.equals(Ljava/lang/Object;)Z @ 27 c2
Event: 0.799 Thread 0x0000029465254000 Uncommon trap: reason=unstable_if action=reinterpret pc=0x000002947521e768 method=java.lang.AbstractStringBuilder.putStringAt(ILjava/lang/String;)V @ 8 c2
Event: 0.799 Thread 0x0000029465254000 Uncommon trap: reason=unstable_if action=reinterpret pc=0x00000294752245ac method=java.lang.String.substring(II)Ljava/lang/String; @ 31 c2
Event: 1.029 Thread 0x000002941c000800 Uncommon trap: reason=bimorphic_or_optimized_type_check action=maybe_recompile pc=0x00000294752285c8 method=java.util.concurrent.ConcurrentHashMap.get(Ljava/lang/Object;)Ljava/lang/Object; @ 149 c2

Classes redefined (0 events):
No events

Internal exceptions (10 events):
Event: 0.445 Thread 0x0000029465254000 Exception <a 'java/lang/NoSuchMethodError'{0x0000000531b57750}: java.lang.invoke.DirectMethodHandle$Holder.invokeStatic(Ljava/lang/Object;Ljava/lang/Object;Ljava/lang/Object;Ljava/lang/Object;)V> (0x0000000531b57750) thrown at [./open/src/hotspot/share/in
Event: 0.481 Thread 0x0000029465254000 Exception <a 'java/lang/NoSuchMethodError'{0x000000053186da40}: java.lang.invoke.DirectMethodHandle$Holder.invokeStatic(Ljava/lang/Object;IIII)Ljava/lang/Object;> (0x000000053186da40) thrown at [./open/src/hotspot/share/interpreter/linkResolver.cpp, line 
Event: 0.481 Thread 0x0000029465254000 Exception <a 'java/lang/NoSuchMethodError'{0x0000000531870b58}: java.lang.invoke.DirectMethodHandle$Holder.invokeStaticInit(Ljava/lang/Object;IIII)Ljava/lang/Object;> (0x0000000531870b58) thrown at [./open/src/hotspot/share/interpreter/linkResolver.cpp, l
Event: 0.801 Thread 0x0000029465254000 Exception <a 'java/lang/NoSuchMethodError'{0x0000000531934800}: java.lang.invoke.DirectMethodHandle$Holder.invokeStatic(Ljava/lang/Object;Ljava/lang/Object;IIII)Ljava/lang/Object;> (0x0000000531934800) thrown at [./open/src/hotspot/share/interpreter/linkR
Event: 0.801 Thread 0x0000029465254000 Exception <a 'java/lang/NoSuchMethodError'{0x0000000531937b48}: java.lang.invoke.DirectMethodHandle$Holder.invokeStaticInit(Ljava/lang/Object;Ljava/lang/Object;IIII)Ljava/lang/Object;> (0x0000000531937b48) thrown at [./open/src/hotspot/share/interpreter/l
Event: 0.829 Thread 0x0000029465254000 Exception <a 'java/lang/NoSuchMethodError'{0x00000005319f1198}: java.lang.invoke.DirectMethodHandle$Holder.invokeStatic(Ljava/lang/Object;Ljava/lang/Object;Ljava/lang/Object;J)D> (0x00000005319f1198) thrown at [./open/src/hotspot/share/interpreter/linkRes
Event: 0.830 Thread 0x0000029465254000 Exception <a 'java/lang/NoSuchMethodError'{0x0000000531600430}: java.lang.invoke.DirectMethodHandle$Holder.invokeSpecial(Ljava/lang/Object;Ljava/lang/Object;Ljava/lang/Object;Ljava/lang/Object;Ljava/lang/Object;)V> (0x0000000531600430) thrown at [./open/s
Event: 0.844 Thread 0x0000029465254000 Exception <a 'java/lang/NoSuchMethodError'{0x000000053164c690}: java.lang.invoke.Invokers$Holder.linkToTargetMethod(Ljava/lang/Object;ILjava/lang/Object;)Ljava/lang/Object;> (0x000000053164c690) thrown at [./open/src/hotspot/share/interpreter/linkResolver
Event: 1.086 Thread 0x000002941c9b3000 Exception <a 'java/lang/NoSuchMethodError'{0x00000005324d0678}: java.lang.invoke.DirectMethodHandle$Holder.invokeStaticInit(Ljava/lang/Object;Ljava/lang/Object;Ljava/lang/Object;)I> (0x00000005324d0678) thrown at [./open/src/hotspot/share/interpreter/link
Event: 1.098 Thread 0x000002941c9b3000 Exception <a 'java/lang/NoSuchMethodError'{0x000000053223b3b0}: java.lang.invoke.Invokers$Holder.linkToTargetMethod(Ljava/lang/Object;JLjava/lang/Object;)Ljava/lang/Object;> (0x000000053223b3b0) thrown at [./open/src/hotspot/share/interpreter/linkResolver

Events (10 events):
Event: 1.111 loading class org/apache/kafka/common/requests/DescribeDelegationTokenRequest
Event: 1.111 loading class org/apache/kafka/common/requests/DescribeDelegationTokenRequest done
Event: 1.111 loading class org/apache/kafka/common/requests/DeleteGroupsRequest
Event: 1.111 loading class org/apache/kafka/common/requests/DeleteGroupsRequest done
Event: 1.111 loading class org/apache/kafka/common/requests/ElectLeadersRequest
Event: 1.111 loading class org/apache/kafka/common/requests/ElectLeadersRequest done
Event: 1.111 loading class org/apache/kafka/common/requests/IncrementalAlterConfigsRequest
Event: 1.111 loading class org/apache/kafka/common/requests/IncrementalAlterConfigsRequest done
Event: 1.111 loading class org/apache/kafka/common/requests/AlterPartitionReassignmentsRequest
Event: 1.111 loading class org/apache/kafka/common/requests/AlterPartitionReassignmentsRequest done


Dynamic libraries:
0x00007ff6a9430000 - 0x00007ff6a943f000 	C:\Program Files\Java\jdk-11.0.12\bin\java.exe
0x00007ffa56f30000 - 0x00007ffa57128000 	C:\WINDOWS\SYSTEM32\ntdll.dll
0x00007ffa54f80000 - 0x00007ffa5503d000 	C:\WINDOWS\System32\KERNEL32.DLL
0x00007ffa54700000 - 0x00007ffa549f6000 	C:\WINDOWS\System32\KERNELBASE.dll
0x00007ffa54600000 - 0x00007ffa54700000 	C:\WINDOWS\System32\ucrtbase.dll
0x00007ffa3d5d0000 - 0x00007ffa3d5e5000 	C:\Program Files\Java\jdk-11.0.12\bin\VCRUNTIME140.dll
0x00007ffa3b610000 - 0x00007ffa3b628000 	C:\Program Files\Java\jdk-11.0.12\bin\jli.dll
0x00007ffa55af0000 - 0x00007ffa55ba3000 	C:\WINDOWS\System32\ADVAPI32.dll
0x00007ffa56e50000 - 0x00007ffa56eee000 	C:\WINDOWS\System32\msvcrt.dll
0x00007ffa55f30000 - 0x00007ffa55fcf000 	C:\WINDOWS\System32\sechost.dll
0x00007ffa56030000 - 0x00007ffa56156000 	C:\WINDOWS\System32\RPCRT4.dll
0x00007ffa54cb0000 - 0x00007ffa54cd7000 	C:\WINDOWS\System32\bcrypt.dll
0x00007ffa55bb0000 - 0x00007ffa55d4e000 	C:\WINDOWS\System32\USER32.dll
0x00007ffa54ee0000 - 0x00007ffa54f02000 	C:\WINDOWS\System32\win32u.dll
0x00007ffa38ba0000 - 0x00007ffa38e3a000 	C:\WINDOWS\WinSxS\amd64_microsoft.windows.common-controls_6595b64144ccf1df_6.0.19041.3636_none_60b6a03d71f818d5\COMCTL32.dll
0x00007ffa55040000 - 0x00007ffa5506c000 	C:\WINDOWS\System32\GDI32.dll
0x00007ffa54ce0000 - 0x00007ffa54dfa000 	C:\WINDOWS\System32\gdi32full.dll
0x00007ffa54c10000 - 0x00007ffa54cad000 	C:\WINDOWS\System32\msvcp_win.dll
0x00007ffa4d4c0000 - 0x00007ffa4d4ca000 	C:\WINDOWS\SYSTEM32\VERSION.dll
0x00007ffa55f00000 - 0x00007ffa55f30000 	C:\WINDOWS\System32\IMM32.DLL
0x00007ffa1c520000 - 0x00007ffa1c5bb000 	C:\Program Files\Java\jdk-11.0.12\bin\msvcp140.dll
0x00007ff9ec8c0000 - 0x00007ff9ed3bf000 	C:\Program Files\Java\jdk-11.0.12\bin\server\jvm.dll
0x00007ffa56e40000 - 0x00007ffa56e48000 	C:\WINDOWS\System32\PSAPI.DLL
0x00007ffa51850000 - 0x00007ffa51859000 	C:\WINDOWS\SYSTEM32\WSOCK32.dll
0x00007ffa3e840000 - 0x00007ffa3e867000 	C:\WINDOWS\SYSTEM32\WINMM.dll
0x00007ffa55900000 - 0x00007ffa5596b000 	C:\WINDOWS\System32\WS2_32.dll
0x00007ffa52e40000 - 0x00007ffa52e52000 	C:\WINDOWS\SYSTEM32\kernel.appcore.dll
0x00007ffa4caa0000 - 0x00007ffa4cab0000 	C:\Program Files\Java\jdk-11.0.12\bin\verify.dll
0x00007ffa523b0000 - 0x00007ffa52594000 	C:\WINDOWS\SYSTEM32\DBGHELP.DLL
0x00007ffa2a360000 - 0x00007ffa2a394000 	C:\WINDOWS\SYSTEM32\dbgcore.DLL
0x00007ffa54e50000 - 0x00007ffa54ed2000 	C:\WINDOWS\System32\bcryptPrimitives.dll
0x00007ffa3acc0000 - 0x00007ffa3ace8000 	C:\Program Files\Java\jdk-11.0.12\bin\java.dll
0x00007ffa4bd00000 - 0x00007ffa4bd0a000 	C:\Program Files\Java\jdk-11.0.12\bin\jimage.dll
0x00007ffa4ad80000 - 0x00007ffa4ad8e000 	C:\Program Files\Java\jdk-11.0.12\bin\instrument.dll
0x00007ffa3a860000 - 0x00007ffa3a876000 	C:\Program Files\Java\jdk-11.0.12\bin\zip.dll
0x00007ffa566f0000 - 0x00007ffa56e35000 	C:\WINDOWS\System32\SHELL32.dll
0x00007ffa525a0000 - 0x00007ffa52d3b000 	C:\WINDOWS\SYSTEM32\windows.storage.dll
0x00007ffa552f0000 - 0x00007ffa55644000 	C:\WINDOWS\System32\combase.dll
0x00007ffa54030000 - 0x00007ffa5405d000 	C:\WINDOWS\SYSTEM32\Wldp.dll
0x00007ffa56630000 - 0x00007ffa566dd000 	C:\WINDOWS\System32\SHCORE.dll
0x00007ffa558a0000 - 0x00007ffa558f5000 	C:\WINDOWS\System32\shlwapi.dll
0x00007ffa54530000 - 0x00007ffa54555000 	C:\WINDOWS\SYSTEM32\profapi.dll
0x00007ffa38f70000 - 0x00007ffa38f89000 	C:\Program Files\Java\jdk-11.0.12\bin\net.dll
0x00007ffa4c4c0000 - 0x00007ffa4c5ca000 	C:\WINDOWS\SYSTEM32\WINHTTP.dll
0x00007ffa53d90000 - 0x00007ffa53dfa000 	C:\WINDOWS\system32\mswsock.dll
0x00007ffa38f00000 - 0x00007ffa38f12000 	C:\Program Files\Java\jdk-11.0.12\bin\nio.dll
0x00007ffa28c70000 - 0x00007ffa28c8a000 	D:\Program Files\JetBrains\IntelliJ IDEA 2023.2\bin\breakgen64.dll
0x00007ffa302c0000 - 0x00007ffa302c9000 	C:\Program Files\Java\jdk-11.0.12\bin\management.dll
0x00007ffa2ccc0000 - 0x00007ffa2cccb000 	C:\Program Files\Java\jdk-11.0.12\bin\management_ext.dll
0x00007ffa53f90000 - 0x00007ffa53fa8000 	C:\WINDOWS\SYSTEM32\CRYPTSP.dll
0x00007ffa53650000 - 0x00007ffa53684000 	C:\WINDOWS\system32\rsaenh.dll
0x00007ffa544f0000 - 0x00007ffa5451e000 	C:\WINDOWS\SYSTEM32\USERENV.dll
0x00007ffa53f80000 - 0x00007ffa53f8c000 	C:\WINDOWS\SYSTEM32\CRYPTBASE.dll
0x00007ffa53a30000 - 0x00007ffa53a6b000 	C:\WINDOWS\SYSTEM32\IPHLPAPI.DLL
0x00007ffa55890000 - 0x00007ffa55898000 	C:\WINDOWS\System32\NSI.dll
0x00007ffa4da90000 - 0x00007ffa4daa7000 	C:\WINDOWS\SYSTEM32\dhcpcsvc6.DLL
0x00007ffa4da70000 - 0x00007ffa4da8d000 	C:\WINDOWS\SYSTEM32\dhcpcsvc.DLL
0x00007ffa53a80000 - 0x00007ffa53b4a000 	C:\WINDOWS\SYSTEM32\DNSAPI.dll

dbghelp: loaded successfully - version: 4.0.5 - missing functions: none
symbol engine: initialized successfully - sym options: 0x614 - pdb path: .;C:\Program Files\Java\jdk-11.0.12\bin;C:\WINDOWS\SYSTEM32;C:\WINDOWS\WinSxS\amd64_microsoft.windows.common-controls_6595b64144ccf1df_6.0.19041.3636_none_60b6a03d71f818d5;C:\Program Files\Java\jdk-11.0.12\bin\server;D:\Program Files\JetBrains\IntelliJ IDEA 2023.2\bin

VM Arguments:
jvm_args: -javaagent:D:\Program Files\JetBrains\IntelliJ IDEA 2023.2\lib\idea_rt.jar=54673:D:\Program Files\JetBrains\IntelliJ IDEA 2023.2\bin -Dfile.encoding=UTF-8 
java_command: test.producer.KafkaProducerTest
java_class_path (initial): D:\Users\rsj-middleware\middleware\rsj-kafka\target\classes;D:\Users\Administrator\Downloads\apache-mavenRepository\org\apache\kafka\kafka-clients\3.5.2\kafka-clients-3.5.2.jar;D:\Users\Administrator\Downloads\apache-mavenRepository\com\github\luben\zstd-jni\1.5.5-1\zstd-jni-1.5.5-1.jar;D:\Users\Administrator\Downloads\apache-mavenRepository\org\lz4\lz4-java\1.8.0\lz4-java-1.8.0.jar;D:\Users\Administrator\Downloads\apache-mavenRepository\org\xerial\snappy\snappy-java\1.1.10.5\snappy-java-1.1.10.5.jar;D:\Users\Administrator\Downloads\apache-mavenRepository\org\slf4j\slf4j-api\1.7.36\slf4j-api-1.7.36.jar;D:\Users\Administrator\Downloads\apache-mavenRepository\org\slf4j\slf4j-simple\1.6.6\slf4j-simple-1.6.6.jar
Launcher Type: SUN_STANDARD

[Global flags]
     intx CICompilerCount                          = 4                                         {product} {ergonomic}
     uint ConcGCThreads                            = 2                                         {product} {ergonomic}
     uint G1ConcRefinementThreads                  = 8                                         {product} {ergonomic}
   size_t G1HeapRegionSize                         = 2097152                                   {product} {ergonomic}
    uintx GCDrainStackTargetSize                   = 64                                        {product} {ergonomic}
   size_t InitialHeapSize                          = 803209216                                 {product} {ergonomic}
   size_t MarkStackSize                            = 4194304                                   {product} {ergonomic}
   size_t MaxHeapSize                              = 12842958848                               {product} {ergonomic}
   size_t MaxNewSize                               = 7704936448                                {product} {ergonomic}
   size_t MinHeapDeltaBytes                        = 2097152                                   {product} {ergonomic}
    uintx NonNMethodCodeHeapSize                   = 5836300                                {pd product} {ergonomic}
    uintx NonProfiledCodeHeapSize                  = 122910970                              {pd product} {ergonomic}
    uintx ProfiledCodeHeapSize                     = 122910970                              {pd product} {ergonomic}
    uintx ReservedCodeCacheSize                    = 251658240                              {pd product} {ergonomic}
     bool SegmentedCodeCache                       = true                                      {product} {ergonomic}
     bool UseCompressedClassPointers               = true                                 {lp64_product} {ergonomic}
     bool UseCompressedOops                        = true                                 {lp64_product} {ergonomic}
     bool UseG1GC                                  = true                                      {product} {ergonomic}
     bool UseLargePagesIndividualAllocation        = false                                  {pd product} {ergonomic}

Logging:
Log output configuration:
 #0: stdout all=warning uptime,level,tags
 #1: stderr all=off uptime,level,tags

Environment Variables:
JAVA_HOME=C:\Program Files\Java\jdk-11.0.12
PATH=D:\Program Files (x86)\VMware\VMware Workstation\bin\;C:\WINDOWS\system32;C:\WINDOWS;C:\WINDOWS\System32\Wbem;C:\WINDOWS\System32\WindowsPowerShell\v1.0\;C:\WINDOWS\System32\OpenSSH\;C:\Program Files\Git\cmd;C:\Program Files\Go\bin;C:\Program Files\WireGuard\;C:\Program Files\dotnet\;D:\Users\Administrator\Downloads\apache-maven-3.9.8-bin\apache-maven-3.9.8\bin;C:\Program Files\Java\jdk-11.0.12\bin;C:\Program Files\Java\jdk-11.0.12\scripts;C:\Users\Administrator\AppData\Local\Programs\Python\Python310\Scripts\;C:\Users\Administrator\AppData\Local\Programs\Python\Python310\;C:\Users\Administrator\AppData\Local\Microsoft\WindowsApps;C:\Users\Administrator\AppData\Local\Programs\Microsoft VS Code\bin;C:\Users\Administrator\go\bin;C:\Users\Administrator\AppData\Local\GitHubDesktop\bin;D:\Program Files\JetBrains\PyCharm Community Edition 2022.3.2\bin;;D:\Program Files\JetBrains\GoLand 2022.3.3\bin;;
USERNAME=Administrator
OS=Windows_NT
PROCESSOR_IDENTIFIER=Intel64 Family 6 Model 165 Stepping 2, GenuineIntel



---------------  S Y S T E M  ---------------

OS: Windows 10 , 64 bit Build 19041 (10.0.19041.3636)

CPU:total 8 (initial active 8) (4 cores per cpu, 2 threads per core) family 6 model 165 stepping 2 microcode 0xc8, cmov, cx8, fxsr, mmx, sse, sse2, sse3, ssse3, sse4.1, sse4.2, popcnt, avx, avx2, aes, clmul, erms, 3dnowpref, lzcnt, ht, tsc, tscinvbit, bmi1, bmi2, adx, fma

Memory: 4k page, system-wide physical 48989M (1689M free)
TotalPageFile size 48989M (AvailPageFile size 2M)
current process WorkingSet (physical memory assigned to process): 120M, peak: 120M
current process commit charge ("private bytes"): 896M, peak: 897M

vm_info: Java HotSpot(TM) 64-Bit Server VM (11.0.12+8-LTS-237) for windows-amd64 JRE (11.0.12+8-LTS-237), built on Jun  8 2021 11:25:59 by "mach5one" with MS VC++ 15.9 (VS2017)

END.
